Log file open, 01/04/21 15:40:39
LogInit: Display: Running engine for game: UnititledUfoGame
LogPlatformFile: Not using cached read wrapper
LogTaskGraph: Started task graph with 5 named threads and 47 total threads with 3 sets of task threads.
LogStats: Stats thread started at 0.167359
LogD3D11RHI: Loaded GFSDK_Aftermath_Lib.x64.dll
LogICUInternationalization: ICU TimeZone Detection - Raw Offset: +0:00, Platform Override: ''
LogPluginManager: Mounting plugin Paper2D
LogPluginManager: Mounting plugin AISupport
LogPluginManager: Mounting plugin LightPropagationVolume
LogPluginManager: Mounting plugin CameraShakePreviewer
LogPluginManager: Mounting plugin ActorLayerUtilities
LogPluginManager: Mounting plugin AnimationSharing
LogPluginManager: Mounting plugin CLionSourceCodeAccess
LogPluginManager: Mounting plugin CodeLiteSourceCodeAccess
LogPluginManager: Mounting plugin GitSourceControl
LogPluginManager: Mounting plugin KDevelopSourceCodeAccess
LogPluginManager: Mounting plugin NullSourceCodeAccess
LogPluginManager: Mounting plugin PerforceSourceControl
LogPluginManager: Mounting plugin PlasticSourceControl
LogPluginManager: Mounting plugin RiderSourceCodeAccess
LogPluginManager: Mounting plugin SubversionSourceControl
LogPluginManager: Mounting plugin UObjectPlugin
LogPluginManager: Mounting plugin VisualStudioCodeSourceCodeAccess
LogPluginManager: Mounting plugin VisualStudioSourceCodeAccess
LogPluginManager: Mounting plugin XCodeSourceCodeAccess
LogPluginManager: Mounting plugin AssetManagerEditor
LogPluginManager: Mounting plugin CryptoKeys
LogPluginManager: Mounting plugin CurveEditorTools
LogPluginManager: Mounting plugin DataValidation
LogPluginManager: Mounting plugin EditorScriptingUtilities
LogPluginManager: Mounting plugin FacialAnimation
LogPluginManager: Mounting plugin GameplayTagsEditor
LogPluginManager: Mounting plugin GeometryMode
LogPluginManager: Mounting plugin MacGraphicsSwitching
LogPluginManager: Mounting plugin MaterialAnalyzer
LogPluginManager: Mounting plugin MobileLauncherProfileWizard
LogPluginManager: Mounting plugin PluginBrowser
LogPluginManager: Mounting plugin SpeedTreeImporter
LogPluginManager: Mounting plugin DatasmithContent
LogPluginManager: Mounting plugin VariantManagerContent
LogPluginManager: Mounting plugin AlembicImporter
LogPluginManager: Mounting plugin AutomationUtils
LogPluginManager: Mounting plugin BackChannel
LogPluginManager: Mounting plugin ChaosCloth
LogPluginManager: Mounting plugin ChaosClothEditor
LogPluginManager: Mounting plugin ChaosEditor
LogPluginManager: Mounting plugin ChaosNiagara
LogPluginManager: Mounting plugin ChaosSolverPlugin
LogPluginManager: Mounting plugin CharacterAI
LogPluginManager: Mounting plugin GeometryCache
LogPluginManager: Mounting plugin GeometryCollectionPlugin
LogPluginManager: Mounting plugin GeometryProcessing
LogPluginManager: Mounting plugin PlanarCut
LogPluginManager: Mounting plugin PlatformCrypto
LogPluginManager: Mounting plugin ProxyLODPlugin
LogPluginManager: Mounting plugin SkeletalReduction
LogPluginManager: Mounting plugin Niagara
LogPluginManager: Mounting plugin MagicLeap
LogPluginManager: Mounting plugin MagicLeapLightEstimation
LogPluginManager: Mounting plugin MagicLeapMedia
LogPluginManager: Mounting plugin MagicLeapPassableWorld
LogPluginManager: Mounting plugin MLSDK
LogPluginManager: Mounting plugin AndroidMedia
LogPluginManager: Mounting plugin AvfMedia
LogPluginManager: Mounting plugin ImgMedia
LogPluginManager: Mounting plugin MediaCompositing
LogPluginManager: Mounting plugin MediaPlayerEditor
LogPluginManager: Mounting plugin WebMMedia
LogPluginManager: Mounting plugin WmfMedia
LogPluginManager: Mounting plugin MeshPainting
LogPluginManager: Mounting plugin TcpMessaging
LogPluginManager: Mounting plugin UdpMessaging
LogPluginManager: Mounting plugin ActorSequence
LogPluginManager: Mounting plugin LevelSequenceEditor
LogPluginManager: Mounting plugin MatineeToLevelSequence
LogPluginManager: Mounting plugin MovieRenderPipeline
LogPluginManager: Mounting plugin TemplateSequence
LogPluginManager: Mounting plugin NetcodeUnitTest
LogPluginManager: Mounting plugin NUTUnrealEngine4
LogPluginManager: Mounting plugin OnlineSubsystemGooglePlay
LogPluginManager: Mounting plugin OnlineSubsystemIOS
LogPluginManager: Mounting plugin OnlineSubsystem
LogPluginManager: Mounting plugin OnlineSubsystemNull
LogPluginManager: Mounting plugin OnlineSubsystemUtils
LogPluginManager: Mounting plugin LauncherChunkInstaller
LogPluginManager: Mounting plugin AndroidDeviceProfileSelector
LogPluginManager: Mounting plugin AndroidMoviePlayer
LogPluginManager: Mounting plugin AndroidPermission
LogPluginManager: Mounting plugin AppleImageUtils
LogPluginManager: Mounting plugin AppleMoviePlayer
LogPluginManager: Mounting plugin ArchVisCharacter
LogPluginManager: Mounting plugin AssetTags
LogPluginManager: Mounting plugin AudioCapture
LogPluginManager: Mounting plugin CableComponent
LogPluginManager: Mounting plugin CustomMeshComponent
LogPluginManager: Mounting plugin EditableMesh
LogPluginManager: Mounting plugin ExampleDeviceProfileSelector
LogPluginManager: Mounting plugin GoogleCloudMessaging
LogPluginManager: Mounting plugin GooglePAD
LogPluginManager: Mounting plugin IOSDeviceProfileSelector
LogPluginManager: Mounting plugin LinuxDeviceProfileSelector
LogPluginManager: Mounting plugin LocationServicesBPLibrary
LogPluginManager: Mounting plugin MobilePatchingUtils
LogPluginManager: Mounting plugin OculusVR
LogPluginManager: Mounting plugin PhysXVehicles
LogPluginManager: Mounting plugin PostSplashScreen
LogPluginManager: Mounting plugin ProceduralMeshComponent
LogPluginManager: Mounting plugin RuntimePhysXCooking
LogPluginManager: Mounting plugin SignificanceManager
LogPluginManager: Mounting plugin SoundFields
LogPluginManager: Mounting plugin SteamVR
LogPluginManager: Mounting plugin Synthesis
LogPluginManager: Mounting plugin WebMMoviePlayer
LogPluginManager: Mounting plugin WindowsMoviePlayer
LogPluginManager: Mounting plugin ScreenshotTools
LogInit: Using libcurl 7.55.1-DEV
LogInit:  - built for x86_64-pc-win32
LogInit:  - supports SSL with OpenSSL/1.1.1
LogInit:  - supports HTTP deflate (compression) using libz 1.2.8
LogInit:  - other features:
LogInit:      CURL_VERSION_SSL
LogInit:      CURL_VERSION_LIBZ
LogInit:      CURL_VERSION_IPV6
LogInit:      CURL_VERSION_ASYNCHDNS
LogInit:      CURL_VERSION_LARGEFILE
LogInit:      CURL_VERSION_IDN
LogInit:  CurlRequestOptions (configurable via config and command line):
LogInit:  - bVerifyPeer = true  - Libcurl will verify peer certificate
LogInit:  - bUseHttpProxy = false  - Libcurl will NOT use HTTP proxy
LogInit:  - bDontReuseConnections = false  - Libcurl will reuse connections
LogInit:  - MaxHostConnections = 16  - Libcurl will limit the number of connections to a host
LogInit:  - LocalHostAddr = Default
LogInit:  - BufferSize = 65536
LogOnline: OSS: Creating online subsystem instance for: NULL
LogInit: WinSock: version 1.1 (2.2), MaxSocks=32767, MaxUdp=65467
LogOnline: OSS: TryLoadSubsystemAndSetDefault: Loaded subsystem for module [NULL]
LogInit: Build: ++UE4+Release-4.25-CL-14469661
LogInit: Engine Version: 4.25.4-14469661+++UE4+Release-4.25
LogInit: Compatible Engine Version: 4.25.0-13144385+++UE4+Release-4.25
LogInit: Net CL: 13144385
LogInit: OS: Windows 10 (Release 2004) (), CPU: AMD Ryzen 7 3700X 8-Core Processor             , GPU: NVIDIA GeForce GTX 1070
LogInit: Compiled (64-bit): Oct 11 2020 08:10:49
LogInit: Compiled with Visual C++: 19.24.28315.00
LogInit: Build Configuration: Development
LogInit: Branch Name: ++UE4+Release-4.25
LogInit: Command Line:  -EpicPortal -epicusername=SGKeox -epicuserid=1d131059a1014c1fab7c58c8146cf770 -epiclocale=en
LogInit: Base Directory: C:/Program Files/Epic Games/UE_4.25/Engine/Binaries/Win64/
LogInit: Allocator: TBB
LogInit: Installed Engine Build: 1
LogDevObjectVersion: Number of dev versions registered: 26
LogDevObjectVersion:   Dev-Blueprints (B0D832E4-1F89-4F0D-ACCF-7EB736FD4AA2): 10
LogDevObjectVersion:   Dev-Build (E1C64328-A22C-4D53-A36C-8E866417BD8C): 0
LogDevObjectVersion:   Dev-Core (375EC13C-06E4-48FB-B500-84F0262A717E): 4
LogDevObjectVersion:   Dev-Editor (E4B068ED-F494-42E9-A231-DA0B2E46BB41): 38
LogDevObjectVersion:   Dev-Framework (CFFC743F-43B0-4480-9391-14DF171D2073): 37
LogDevObjectVersion:   Dev-Mobile (B02B49B5-BB20-44E9-A304-32B752E40360): 2
LogDevObjectVersion:   Dev-Networking (A4E4105C-59A1-49B5-A7C5-40C4547EDFEE): 0
LogDevObjectVersion:   Dev-Online (39C831C9-5AE6-47DC-9A44-9C173E1C8E7C): 0
LogDevObjectVersion:   Dev-Physics (78F01B33-EBEA-4F98-B9B4-84EACCB95AA2): 4
LogDevObjectVersion:   Dev-Platform (6631380F-2D4D-43E0-8009-CF276956A95A): 0
LogDevObjectVersion:   Dev-Rendering (12F88B9F-8875-4AFC-A67C-D90C383ABD29): 43
LogDevObjectVersion:   Dev-Sequencer (7B5AE74C-D270-4C10-A958-57980B212A5A): 12
LogDevObjectVersion:   Dev-VR (D7296918-1DD6-4BDD-9DE2-64A83CC13884): 3
LogDevObjectVersion:   Dev-LoadTimes (C2A15278-BFE7-4AFE-6C17-90FF531DF755): 1
LogDevObjectVersion:   Private-Geometry (6EACA3D4-40EC-4CC1-B786-8BED09428FC5): 3
LogDevObjectVersion:   Dev-AnimPhys (29E575DD-E0A3-4627-9D10-D276232CDCEA): 17
LogDevObjectVersion:   Dev-Anim (AF43A65D-7FD3-4947-9873-3E8ED9C1BB05): 7
LogDevObjectVersion:   Dev-ReflectionCapture (6B266CEC-1EC7-4B8F-A30B-E4D90942FC07): 1
LogDevObjectVersion:   Dev-Automation (0DF73D61-A23F-47EA-B727-89E90C41499A): 1
LogDevObjectVersion:   FortniteMain (601D1886-AC64-4F84-AA16-D3DE0DEAC7D6): 31
LogDevObjectVersion:   Dev-Enterprise (9DFFBCD6-494F-0158-E221-12823C92A888): 10
LogDevObjectVersion:   Dev-Niagara (F2AED0AC-9AFE-416F-8664-AA7FFA26D6FC): 1
LogDevObjectVersion:   Dev-Destruction (174F1F0B-B4C6-45A5-B13F-2EE8D0FB917D): 10
LogDevObjectVersion:   Dev-Physics-Ext (35F94A83-E258-406C-A318-09F59610247C): 37
LogDevObjectVersion:   Dev-PhysicsMaterial-Chaos (B68FC16E-8B1B-42E2-B453-215C058844FE): 1
LogDevObjectVersion:   Dev-CineCamera (B2E18506-4273-CFC2-A54E-F4BB758BBA07): 1
LogInit: Presizing for max 25165824 objects, including 0 objects not considered by GC, pre-allocating 0 bytes for permanent pool.
LogConfig: Applying CVar settings from Section [/Script/Engine.StreamingSettings] File [C:/Users/Luke/Documents/GitHub/Senior-CGD-21-25-2021/UnititledUfoGame/UnititledUfoGame/Saved/Config/Windows/Engine.ini]
LogConfig: Setting CVar [[s.MinBulkDataSizeForAsyncLoading:131072]]
LogConfig: Setting CVar [[s.AsyncLoadingThreadEnabled:0]]
LogConfig: Setting CVar [[s.EventDrivenLoaderEnabled:1]]
LogConfig: Setting CVar [[s.WarnIfTimeLimitExceeded:0]]
LogConfig: Setting CVar [[s.TimeLimitExceededMultiplier:1.5]]
LogConfig: Setting CVar [[s.TimeLimitExceededMinTime:0.005]]
LogConfig: Setting CVar [[s.UseBackgroundLevelStreaming:1]]
LogConfig: Setting CVar [[s.PriorityAsyncLoadingExtraTime:15.0]]
LogConfig: Setting CVar [[s.LevelStreamingActorsUpdateTimeLimit:5.0]]
LogConfig: Setting CVar [[s.PriorityLevelStreamingActorsUpdateExtraTime:5.0]]
LogConfig: Setting CVar [[s.LevelStreamingComponentsRegistrationGranularity:10]]
LogConfig: Setting CVar [[s.UnregisterComponentsTimeLimit:1.0]]
LogConfig: Setting CVar [[s.LevelStreamingComponentsUnregistrationGranularity:5]]
LogConfig: Setting CVar [[s.FlushStreamingOnExit:1]]
LogInit: Object subsystem initialized
LogConfig: Setting CVar [[con.DebugEarlyDefault:1]]
LogConfig: Setting CVar [[r.setres:1280x720]]
[2021.01.04-15.40.39:997][  0]LogConfig: Setting CVar [[r.VSync:0]]
[2021.01.04-15.40.39:997][  0]LogConfig: Setting CVar [[r.RHICmdBypass:0]]
[2021.01.04-15.40.39:998][  0]LogConfig: Applying CVar settings from Section [/Script/Engine.RendererSettings] File [C:/Users/Luke/Documents/GitHub/Senior-CGD-21-25-2021/UnititledUfoGame/UnititledUfoGame/Saved/Config/Windows/Engine.ini]
[2021.01.04-15.40.39:998][  0]LogConfig: Setting CVar [[r.GPUCrashDebugging:0]]
[2021.01.04-15.40.39:998][  0]LogConfig: Applying CVar settings from Section [/Script/Engine.RendererOverrideSettings] File [C:/Users/Luke/Documents/GitHub/Senior-CGD-21-25-2021/UnititledUfoGame/UnititledUfoGame/Saved/Config/Windows/Engine.ini]
[2021.01.04-15.40.39:998][  0]LogConfig: Applying CVar settings from Section [/Script/Engine.StreamingSettings] File [C:/Users/Luke/Documents/GitHub/Senior-CGD-21-25-2021/UnititledUfoGame/UnititledUfoGame/Saved/Config/Windows/Engine.ini]
[2021.01.04-15.40.39:998][  0]LogConfig: Setting CVar [[s.MinBulkDataSizeForAsyncLoading:131072]]
[2021.01.04-15.40.39:998][  0]LogConfig: Setting CVar [[s.AsyncLoadingThreadEnabled:0]]
[2021.01.04-15.40.39:998][  0]LogConfig: Setting CVar [[s.EventDrivenLoaderEnabled:1]]
[2021.01.04-15.40.39:998][  0]LogConfig: Setting CVar [[s.WarnIfTimeLimitExceeded:0]]
[2021.01.04-15.40.39:998][  0]LogConfig: Setting CVar [[s.TimeLimitExceededMultiplier:1.5]]
[2021.01.04-15.40.39:998][  0]LogConfig: Setting CVar [[s.TimeLimitExceededMinTime:0.005]]
[2021.01.04-15.40.39:998][  0]LogConfig: Setting CVar [[s.UseBackgroundLevelStreaming:1]]
[2021.01.04-15.40.39:998][  0]LogConfig: Setting CVar [[s.PriorityAsyncLoadingExtraTime:15.0]]
[2021.01.04-15.40.39:998][  0]LogConfig: Setting CVar [[s.LevelStreamingActorsUpdateTimeLimit:5.0]]
[2021.01.04-15.40.39:998][  0]LogConfig: Setting CVar [[s.PriorityLevelStreamingActorsUpdateExtraTime:5.0]]
[2021.01.04-15.40.39:998][  0]LogConfig: Setting CVar [[s.LevelStreamingComponentsRegistrationGranularity:10]]
[2021.01.04-15.40.39:998][  0]LogConfig: Setting CVar [[s.UnregisterComponentsTimeLimit:1.0]]
[2021.01.04-15.40.39:998][  0]LogConfig: Setting CVar [[s.LevelStreamingComponentsUnregistrationGranularity:5]]
[2021.01.04-15.40.39:998][  0]LogConfig: Setting CVar [[s.FlushStreamingOnExit:1]]
[2021.01.04-15.40.39:998][  0]LogConfig: Applying CVar settings from Section [/Script/Engine.GarbageCollectionSettings] File [C:/Users/Luke/Documents/GitHub/Senior-CGD-21-25-2021/UnititledUfoGame/UnititledUfoGame/Saved/Config/Windows/Engine.ini]
[2021.01.04-15.40.39:998][  0]LogConfig: Setting CVar [[gc.MaxObjectsNotConsideredByGC:1]]
[2021.01.04-15.40.39:998][  0]LogConfig: Setting CVar [[gc.SizeOfPermanentObjectPool:0]]
[2021.01.04-15.40.39:998][  0]LogConfig: Setting CVar [[gc.FlushStreamingOnGC:0]]
[2021.01.04-15.40.39:998][  0]LogConfig: Setting CVar [[gc.NumRetriesBeforeForcingGC:10]]
[2021.01.04-15.40.39:998][  0]LogConfig: Setting CVar [[gc.AllowParallelGC:1]]
[2021.01.04-15.40.39:998][  0]LogConfig: Setting CVar [[gc.TimeBetweenPurgingPendingKillObjects:61.1]]
[2021.01.04-15.40.39:998][  0]LogConfig: Setting CVar [[gc.MaxObjectsInEditor:25165824]]
[2021.01.04-15.40.39:998][  0]LogConfig: Setting CVar [[gc.IncrementalBeginDestroyEnabled:1]]
[2021.01.04-15.40.39:998][  0]LogConfig: Setting CVar [[gc.CreateGCClusters:1]]
[2021.01.04-15.40.39:998][  0]LogConfig: Setting CVar [[gc.MinGCClusterSize:5]]
[2021.01.04-15.40.39:998][  0]LogConfig: Setting CVar [[gc.ActorClusteringEnabled:0]]
[2021.01.04-15.40.39:998][  0]LogConfig: Setting CVar [[gc.BlueprintClusteringEnabled:0]]
[2021.01.04-15.40.39:998][  0]LogConfig: Setting CVar [[gc.UseDisregardForGCOnDedicatedServers:0]]
[2021.01.04-15.40.39:998][  0]LogConfig: Applying CVar settings from Section [/Script/Engine.NetworkSettings] File [C:/Users/Luke/Documents/GitHub/Senior-CGD-21-25-2021/UnititledUfoGame/UnititledUfoGame/Saved/Config/Windows/Engine.ini]
[2021.01.04-15.40.39:998][  0]LogConfig: Applying CVar settings from Section [/Script/UnrealEd.CookerSettings] File [C:/Users/Luke/Documents/GitHub/Senior-CGD-21-25-2021/UnititledUfoGame/UnititledUfoGame/Saved/Config/Windows/Engine.ini]
[2021.01.04-15.40.40:001][  0]LogConfig: Applying CVar settings from Section [ViewDistanceQuality@3] File [C:/Users/Luke/Documents/GitHub/Senior-CGD-21-25-2021/UnititledUfoGame/UnititledUfoGame/Saved/Config/Windows/Scalability.ini]
[2021.01.04-15.40.40:002][  0]LogConfig: Setting CVar [[r.SkeletalMeshLODBias:0]]
[2021.01.04-15.40.40:002][  0]LogConfig: Setting CVar [[r.ViewDistanceScale:1.0]]
[2021.01.04-15.40.40:002][  0]LogConfig: Applying CVar settings from Section [AntiAliasingQuality@3] File [C:/Users/Luke/Documents/GitHub/Senior-CGD-21-25-2021/UnititledUfoGame/UnititledUfoGame/Saved/Config/Windows/Scalability.ini]
[2021.01.04-15.40.40:002][  0]LogConfig: Setting CVar [[r.PostProcessAAQuality:4]]
[2021.01.04-15.40.40:002][  0]LogConfig: Applying CVar settings from Section [ShadowQuality@3] File [C:/Users/Luke/Documents/GitHub/Senior-CGD-21-25-2021/UnititledUfoGame/UnititledUfoGame/Saved/Config/Windows/Scalability.ini]
[2021.01.04-15.40.40:002][  0]LogConfig: Setting CVar [[r.LightFunctionQuality:1]]
[2021.01.04-15.40.40:002][  0]LogConfig: Setting CVar [[r.ShadowQuality:5]]
[2021.01.04-15.40.40:002][  0]LogConfig: Setting CVar [[r.Shadow.CSM.MaxCascades:10]]
[2021.01.04-15.40.40:002][  0]LogConfig: Setting CVar [[r.Shadow.MaxResolution:2048]]
[2021.01.04-15.40.40:002][  0]LogConfig: Setting CVar [[r.Shadow.MaxCSMResolution:2048]]
[2021.01.04-15.40.40:002][  0]LogConfig: Setting CVar [[r.Shadow.RadiusThreshold:0.01]]
[2021.01.04-15.40.40:002][  0]LogConfig: Setting CVar [[r.Shadow.DistanceScale:1.0]]
[2021.01.04-15.40.40:002][  0]LogConfig: Setting CVar [[r.Shadow.CSM.TransitionScale:1.0]]
[2021.01.04-15.40.40:002][  0]LogConfig: Setting CVar [[r.Shadow.PreShadowResolutionFactor:1.0]]
[2021.01.04-15.40.40:002][  0]LogConfig: Setting CVar [[r.DistanceFieldShadowing:1]]
[2021.01.04-15.40.40:002][  0]LogConfig: Setting CVar [[r.DistanceFieldAO:1]]
[2021.01.04-15.40.40:002][  0]LogConfig: Setting CVar [[r.AOQuality:2]]
[2021.01.04-15.40.40:002][  0]LogConfig: Setting CVar [[r.VolumetricFog:1]]
[2021.01.04-15.40.40:002][  0]LogConfig: Setting CVar [[r.VolumetricFog.GridPixelSize:8]]
[2021.01.04-15.40.40:002][  0]LogConfig: Setting CVar [[r.VolumetricFog.GridSizeZ:128]]
[2021.01.04-15.40.40:002][  0]LogConfig: Setting CVar [[r.VolumetricFog.HistoryMissSupersampleCount:4]]
[2021.01.04-15.40.40:002][  0]LogConfig: Setting CVar [[r.LightMaxDrawDistanceScale:1]]
[2021.01.04-15.40.40:002][  0]LogConfig: Setting CVar [[r.CapsuleShadows:1]]
[2021.01.04-15.40.40:002][  0]LogConfig: Applying CVar settings from Section [PostProcessQuality@3] File [C:/Users/Luke/Documents/GitHub/Senior-CGD-21-25-2021/UnititledUfoGame/UnititledUfoGame/Saved/Config/Windows/Scalability.ini]
[2021.01.04-15.40.40:002][  0]LogConfig: Setting CVar [[r.MotionBlurQuality:4]]
[2021.01.04-15.40.40:002][  0]LogConfig: Setting CVar [[r.AmbientOcclusionMipLevelFactor:0.4]]
[2021.01.04-15.40.40:002][  0]LogConfig: Setting CVar [[r.AmbientOcclusionMaxQuality:100]]
[2021.01.04-15.40.40:002][  0]LogConfig: Setting CVar [[r.AmbientOcclusionLevels:-1]]
[2021.01.04-15.40.40:002][  0]LogConfig: Setting CVar [[r.AmbientOcclusionRadiusScale:1.0]]
[2021.01.04-15.40.40:002][  0]LogConfig: Setting CVar [[r.DepthOfFieldQuality:2]]
[2021.01.04-15.40.40:002][  0]LogConfig: Setting CVar [[r.RenderTargetPoolMin:400]]
[2021.01.04-15.40.40:002][  0]LogConfig: Setting CVar [[r.LensFlareQuality:2]]
[2021.01.04-15.40.40:002][  0]LogConfig: Setting CVar [[r.SceneColorFringeQuality:1]]
[2021.01.04-15.40.40:002][  0]LogConfig: Setting CVar [[r.EyeAdaptationQuality:2]]
[2021.01.04-15.40.40:002][  0]LogConfig: Setting CVar [[r.BloomQuality:5]]
[2021.01.04-15.40.40:002][  0]LogConfig: Setting CVar [[r.FastBlurThreshold:100]]
[2021.01.04-15.40.40:002][  0]LogConfig: Setting CVar [[r.Upscale.Quality:3]]
[2021.01.04-15.40.40:002][  0]LogConfig: Setting CVar [[r.Tonemapper.GrainQuantization:1]]
[2021.01.04-15.40.40:002][  0]LogConfig: Setting CVar [[r.LightShaftQuality:1]]
[2021.01.04-15.40.40:002][  0]LogConfig: Setting CVar [[r.Filter.SizeScale:1]]
[2021.01.04-15.40.40:002][  0]LogConfig: Setting CVar [[r.Tonemapper.Quality:5]]
[2021.01.04-15.40.40:002][  0]LogConfig: Setting CVar [[r.DOF.Gather.AccumulatorQuality:1        ; higher gathering accumulator quality]]
[2021.01.04-15.40.40:002][  0]LogConfig: Setting CVar [[r.DOF.Gather.PostfilterMethod:1          ; Median3x3 postfilering method]]
[2021.01.04-15.40.40:002][  0]LogConfig: Setting CVar [[r.DOF.Gather.EnableBokehSettings:0       ; no bokeh simulation when gathering]]
[2021.01.04-15.40.40:002][  0]LogConfig: Setting CVar [[r.DOF.Gather.RingCount:4                 ; medium number of samples when gathering]]
[2021.01.04-15.40.40:002][  0]LogConfig: Setting CVar [[r.DOF.Scatter.ForegroundCompositing:1    ; additive foreground scattering]]
[2021.01.04-15.40.40:002][  0]LogConfig: Setting CVar [[r.DOF.Scatter.BackgroundCompositing:2    ; additive background scattering]]
[2021.01.04-15.40.40:002][  0]LogConfig: Setting CVar [[r.DOF.Scatter.EnableBokehSettings:1      ; bokeh simulation when scattering]]
[2021.01.04-15.40.40:002][  0]LogConfig: Setting CVar [[r.DOF.Scatter.MaxSpriteRatio:0.1         ; only a maximum of 10% of scattered bokeh]]
[2021.01.04-15.40.40:002][  0]LogConfig: Setting CVar [[r.DOF.Recombine.Quality:1                ; cheap slight out of focus]]
[2021.01.04-15.40.40:002][  0]LogConfig: Setting CVar [[r.DOF.Recombine.EnableBokehSettings:0    ; no bokeh simulation on slight out of focus]]
[2021.01.04-15.40.40:002][  0]LogConfig: Setting CVar [[r.DOF.TemporalAAQuality:1                ; more stable temporal accumulation]]
[2021.01.04-15.40.40:002][  0]LogConfig: Setting CVar [[r.DOF.Kernel.MaxForegroundRadius:0.025]]
[2021.01.04-15.40.40:002][  0]LogConfig: Setting CVar [[r.DOF.Kernel.MaxBackgroundRadius:0.025]]
[2021.01.04-15.40.40:002][  0]LogConfig: Applying CVar settings from Section [TextureQuality@3] File [C:/Users/Luke/Documents/GitHub/Senior-CGD-21-25-2021/UnititledUfoGame/UnititledUfoGame/Saved/Config/Windows/Scalability.ini]
[2021.01.04-15.40.40:002][  0]LogConfig: Setting CVar [[r.Streaming.MipBias:0]]
[2021.01.04-15.40.40:002][  0]LogConfig: Setting CVar [[r.Streaming.AmortizeCPUToGPUCopy:0]]
[2021.01.04-15.40.40:002][  0]LogConfig: Setting CVar [[r.Streaming.MaxNumTexturesToStreamPerFrame:0]]
[2021.01.04-15.40.40:002][  0]LogConfig: Setting CVar [[r.Streaming.Boost:1]]
[2021.01.04-15.40.40:002][  0]LogConfig: Setting CVar [[r.MaxAnisotropy:8]]
[2021.01.04-15.40.40:002][  0]LogConfig: Setting CVar [[r.VT.MaxAnisotropy:8]]
[2021.01.04-15.40.40:002][  0]LogConfig: Setting CVar [[r.Streaming.LimitPoolSizeToVRAM:0]]
[2021.01.04-15.40.40:002][  0]LogConfig: Setting CVar [[r.Streaming.PoolSize:1000]]
[2021.01.04-15.40.40:002][  0]LogConfig: Setting CVar [[r.Streaming.MaxEffectiveScreenSize:0]]
[2021.01.04-15.40.40:002][  0]LogConfig: Applying CVar settings from Section [EffectsQuality@3] File [C:/Users/Luke/Documents/GitHub/Senior-CGD-21-25-2021/UnititledUfoGame/UnititledUfoGame/Saved/Config/Windows/Scalability.ini]
[2021.01.04-15.40.40:002][  0]LogConfig: Setting CVar [[r.TranslucencyLightingVolumeDim:64]]
[2021.01.04-15.40.40:002][  0]LogConfig: Setting CVar [[r.RefractionQuality:2]]
[2021.01.04-15.40.40:002][  0]LogConfig: Setting CVar [[r.SSR.Quality:3]]
[2021.01.04-15.40.40:002][  0]LogConfig: Setting CVar [[r.SSR.HalfResSceneColor:0]]
[2021.01.04-15.40.40:002][  0]LogConfig: Setting CVar [[r.SceneColorFormat:4]]
[2021.01.04-15.40.40:002][  0]LogConfig: Setting CVar [[r.DetailMode:2]]
[2021.01.04-15.40.40:002][  0]LogConfig: Setting CVar [[r.TranslucencyVolumeBlur:1]]
[2021.01.04-15.40.40:002][  0]LogConfig: Setting CVar [[r.MaterialQualityLevel:1 ; High quality]]
[2021.01.04-15.40.40:002][  0]LogConfig: Setting CVar [[r.SSS.Scale:1]]
[2021.01.04-15.40.40:002][  0]LogConfig: Setting CVar [[r.SSS.SampleSet:2]]
[2021.01.04-15.40.40:002][  0]LogConfig: Setting CVar [[r.SSS.Quality:1]]
[2021.01.04-15.40.40:002][  0]LogConfig: Setting CVar [[r.SSS.HalfRes:0]]
[2021.01.04-15.40.40:002][  0]LogConfig: Setting CVar [[r.SSGI.Quality:3]]
[2021.01.04-15.40.40:002][  0]LogConfig: Setting CVar [[r.EmitterSpawnRateScale:1.0]]
[2021.01.04-15.40.40:002][  0]LogConfig: Setting CVar [[r.ParticleLightQuality:2]]
[2021.01.04-15.40.40:002][  0]LogConfig: Setting CVar [[r.SkyAtmosphere.AerialPerspectiveLUT.FastApplyOnOpaque:1 ; Always have FastSkyLUT 1 in this case to avoid wrong sky]]
[2021.01.04-15.40.40:002][  0]LogConfig: Setting CVar [[r.SkyAtmosphere.AerialPerspectiveLUT.SampleCountPerSlice:1]]
[2021.01.04-15.40.40:002][  0]LogConfig: Setting CVar [[r.SkyAtmosphere.AerialPerspectiveLUT.DepthResolution:16.0]]
[2021.01.04-15.40.40:002][  0]LogConfig: Setting CVar [[r.SkyAtmosphere.FastSkyLUT:1]]
[2021.01.04-15.40.40:002][  0]LogConfig: Setting CVar [[r.SkyAtmosphere.FastSkyLUT.SampleCountMin:4.0]]
[2021.01.04-15.40.40:002][  0]LogConfig: Setting CVar [[r.SkyAtmosphere.FastSkyLUT.SampleCountMax:32.0]]
[2021.01.04-15.40.40:002][  0]LogConfig: Setting CVar [[r.SkyAtmosphere.SampleCountMin:4.0]]
[2021.01.04-15.40.40:002][  0]LogConfig: Setting CVar [[r.SkyAtmosphere.SampleCountMax:32.0]]
[2021.01.04-15.40.40:002][  0]LogConfig: Setting CVar [[r.SkyAtmosphere.TransmittanceLUT.UseSmallFormat:0]]
[2021.01.04-15.40.40:002][  0]LogConfig: Setting CVar [[r.SkyAtmosphere.TransmittanceLUT.SampleCount:10.0]]
[2021.01.04-15.40.40:002][  0]LogConfig: Setting CVar [[r.SkyAtmosphere.MultiScatteringLUT.SampleCount:15.0]]
[2021.01.04-15.40.40:002][  0]LogConfig: Applying CVar settings from Section [FoliageQuality@3] File [C:/Users/Luke/Documents/GitHub/Senior-CGD-21-25-2021/UnititledUfoGame/UnititledUfoGame/Saved/Config/Windows/Scalability.ini]
[2021.01.04-15.40.40:002][  0]LogConfig: Setting CVar [[foliage.DensityScale:1.0]]
[2021.01.04-15.40.40:002][  0]LogConfig: Setting CVar [[grass.DensityScale:1.0]]
[2021.01.04-15.40.40:002][  0]LogConfig: Applying CVar settings from Section [ShadingQuality@3] File [C:/Users/Luke/Documents/GitHub/Senior-CGD-21-25-2021/UnititledUfoGame/UnititledUfoGame/Saved/Config/Windows/Scalability.ini]
[2021.01.04-15.40.40:002][  0]LogConfig: Setting CVar [[r.HairStrands.SkyLighting.SampleCount:16]]
[2021.01.04-15.40.40:003][  0]LogConfig: Setting CVar [[r.HairStrands.SkyLighting.JitterIntegration:0]]
[2021.01.04-15.40.40:003][  0]LogConfig: Setting CVar [[r.HairStrands.SkyAO.SampleCount:16]]
[2021.01.04-15.40.40:003][  0]LogConfig: Setting CVar [[r.HairStrands.DeepShadow.SuperSampling:0]]
[2021.01.04-15.40.40:003][  0]LogConfig: Setting CVar [[r.HairStrands.VisibilityPPLL:0]]
[2021.01.04-15.40.40:003][  0]LogConfig: Setting CVar [[r.HairStrands.RasterizationScale:0.5]]
[2021.01.04-15.40.40:003][  0]LogConfig: Setting CVar [[r.HairStrands.VelocityRasterizationScale:1]]
[2021.01.04-15.40.40:003][  0]LogInit: Selected Device Profile: [Windows]
[2021.01.04-15.40.40:003][  0]LogInit: Applying CVar settings loaded from the selected device profile: [Windows]
[2021.01.04-15.40.40:003][  0]LogHAL: Display: Platform has ~ 32 GB [34277785600 / 34359738368 / 32], which maps to Largest [LargestMinGB=32, LargerMinGB=12, DefaultMinGB=8, SmallerMinGB=6, SmallestMinGB=0)
[2021.01.04-15.40.40:003][  0]LogInit: Going up to parent DeviceProfile []
[2021.01.04-15.40.40:003][  0]LogConfig: Applying CVar settings from Section [ViewDistanceQuality@3] File [C:/Users/Luke/Documents/GitHub/Senior-CGD-21-25-2021/UnititledUfoGame/UnititledUfoGame/Saved/Config/Windows/Scalability.ini]
[2021.01.04-15.40.40:003][  0]LogConfig: Setting CVar [[r.SkeletalMeshLODBias:0]]
[2021.01.04-15.40.40:003][  0]LogConfig: Setting CVar [[r.ViewDistanceScale:1.0]]
[2021.01.04-15.40.40:003][  0]LogConfig: Applying CVar settings from Section [AntiAliasingQuality@3] File [C:/Users/Luke/Documents/GitHub/Senior-CGD-21-25-2021/UnititledUfoGame/UnititledUfoGame/Saved/Config/Windows/Scalability.ini]
[2021.01.04-15.40.40:003][  0]LogConfig: Setting CVar [[r.PostProcessAAQuality:4]]
[2021.01.04-15.40.40:003][  0]LogConfig: Applying CVar settings from Section [ShadowQuality@3] File [C:/Users/Luke/Documents/GitHub/Senior-CGD-21-25-2021/UnititledUfoGame/UnititledUfoGame/Saved/Config/Windows/Scalability.ini]
[2021.01.04-15.40.40:003][  0]LogConfig: Setting CVar [[r.LightFunctionQuality:1]]
[2021.01.04-15.40.40:003][  0]LogConfig: Setting CVar [[r.ShadowQuality:5]]
[2021.01.04-15.40.40:003][  0]LogConfig: Setting CVar [[r.Shadow.CSM.MaxCascades:10]]
[2021.01.04-15.40.40:003][  0]LogConfig: Setting CVar [[r.Shadow.MaxResolution:2048]]
[2021.01.04-15.40.40:003][  0]LogConfig: Setting CVar [[r.Shadow.MaxCSMResolution:2048]]
[2021.01.04-15.40.40:003][  0]LogConfig: Setting CVar [[r.Shadow.RadiusThreshold:0.01]]
[2021.01.04-15.40.40:003][  0]LogConfig: Setting CVar [[r.Shadow.DistanceScale:1.0]]
[2021.01.04-15.40.40:003][  0]LogConfig: Setting CVar [[r.Shadow.CSM.TransitionScale:1.0]]
[2021.01.04-15.40.40:003][  0]LogConfig: Setting CVar [[r.Shadow.PreShadowResolutionFactor:1.0]]
[2021.01.04-15.40.40:003][  0]LogConfig: Setting CVar [[r.DistanceFieldShadowing:1]]
[2021.01.04-15.40.40:003][  0]LogConfig: Setting CVar [[r.DistanceFieldAO:1]]
[2021.01.04-15.40.40:003][  0]LogConfig: Setting CVar [[r.AOQuality:2]]
[2021.01.04-15.40.40:003][  0]LogConfig: Setting CVar [[r.VolumetricFog:1]]
[2021.01.04-15.40.40:003][  0]LogConfig: Setting CVar [[r.VolumetricFog.GridPixelSize:8]]
[2021.01.04-15.40.40:003][  0]LogConfig: Setting CVar [[r.VolumetricFog.GridSizeZ:128]]
[2021.01.04-15.40.40:003][  0]LogConfig: Setting CVar [[r.VolumetricFog.HistoryMissSupersampleCount:4]]
[2021.01.04-15.40.40:003][  0]LogConfig: Setting CVar [[r.LightMaxDrawDistanceScale:1]]
[2021.01.04-15.40.40:003][  0]LogConfig: Setting CVar [[r.CapsuleShadows:1]]
[2021.01.04-15.40.40:003][  0]LogConfig: Applying CVar settings from Section [PostProcessQuality@3] File [C:/Users/Luke/Documents/GitHub/Senior-CGD-21-25-2021/UnititledUfoGame/UnititledUfoGame/Saved/Config/Windows/Scalability.ini]
[2021.01.04-15.40.40:003][  0]LogConfig: Setting CVar [[r.MotionBlurQuality:4]]
[2021.01.04-15.40.40:003][  0]LogConfig: Setting CVar [[r.AmbientOcclusionMipLevelFactor:0.4]]
[2021.01.04-15.40.40:003][  0]LogConfig: Setting CVar [[r.AmbientOcclusionMaxQuality:100]]
[2021.01.04-15.40.40:003][  0]LogConfig: Setting CVar [[r.AmbientOcclusionLevels:-1]]
[2021.01.04-15.40.40:003][  0]LogConfig: Setting CVar [[r.AmbientOcclusionRadiusScale:1.0]]
[2021.01.04-15.40.40:003][  0]LogConfig: Setting CVar [[r.DepthOfFieldQuality:2]]
[2021.01.04-15.40.40:003][  0]LogConfig: Setting CVar [[r.RenderTargetPoolMin:400]]
[2021.01.04-15.40.40:003][  0]LogConfig: Setting CVar [[r.LensFlareQuality:2]]
[2021.01.04-15.40.40:003][  0]LogConfig: Setting CVar [[r.SceneColorFringeQuality:1]]
[2021.01.04-15.40.40:003][  0]LogConfig: Setting CVar [[r.EyeAdaptationQuality:2]]
[2021.01.04-15.40.40:003][  0]LogConfig: Setting CVar [[r.BloomQuality:5]]
[2021.01.04-15.40.40:003][  0]LogConfig: Setting CVar [[r.FastBlurThreshold:100]]
[2021.01.04-15.40.40:003][  0]LogConfig: Setting CVar [[r.Upscale.Quality:3]]
[2021.01.04-15.40.40:003][  0]LogConfig: Setting CVar [[r.Tonemapper.GrainQuantization:1]]
[2021.01.04-15.40.40:003][  0]LogConfig: Setting CVar [[r.LightShaftQuality:1]]
[2021.01.04-15.40.40:003][  0]LogConfig: Setting CVar [[r.Filter.SizeScale:1]]
[2021.01.04-15.40.40:003][  0]LogConfig: Setting CVar [[r.Tonemapper.Quality:5]]
[2021.01.04-15.40.40:003][  0]LogConfig: Setting CVar [[r.DOF.Gather.AccumulatorQuality:1        ; higher gathering accumulator quality]]
[2021.01.04-15.40.40:003][  0]LogConfig: Setting CVar [[r.DOF.Gather.PostfilterMethod:1          ; Median3x3 postfilering method]]
[2021.01.04-15.40.40:003][  0]LogConfig: Setting CVar [[r.DOF.Gather.EnableBokehSettings:0       ; no bokeh simulation when gathering]]
[2021.01.04-15.40.40:003][  0]LogConfig: Setting CVar [[r.DOF.Gather.RingCount:4                 ; medium number of samples when gathering]]
[2021.01.04-15.40.40:003][  0]LogConfig: Setting CVar [[r.DOF.Scatter.ForegroundCompositing:1    ; additive foreground scattering]]
[2021.01.04-15.40.40:003][  0]LogConfig: Setting CVar [[r.DOF.Scatter.BackgroundCompositing:2    ; additive background scattering]]
[2021.01.04-15.40.40:003][  0]LogConfig: Setting CVar [[r.DOF.Scatter.EnableBokehSettings:1      ; bokeh simulation when scattering]]
[2021.01.04-15.40.40:003][  0]LogConfig: Setting CVar [[r.DOF.Scatter.MaxSpriteRatio:0.1         ; only a maximum of 10% of scattered bokeh]]
[2021.01.04-15.40.40:003][  0]LogConfig: Setting CVar [[r.DOF.Recombine.Quality:1                ; cheap slight out of focus]]
[2021.01.04-15.40.40:003][  0]LogConfig: Setting CVar [[r.DOF.Recombine.EnableBokehSettings:0    ; no bokeh simulation on slight out of focus]]
[2021.01.04-15.40.40:003][  0]LogConfig: Setting CVar [[r.DOF.TemporalAAQuality:1                ; more stable temporal accumulation]]
[2021.01.04-15.40.40:003][  0]LogConfig: Setting CVar [[r.DOF.Kernel.MaxForegroundRadius:0.025]]
[2021.01.04-15.40.40:003][  0]LogConfig: Setting CVar [[r.DOF.Kernel.MaxBackgroundRadius:0.025]]
[2021.01.04-15.40.40:003][  0]LogConfig: Applying CVar settings from Section [TextureQuality@3] File [C:/Users/Luke/Documents/GitHub/Senior-CGD-21-25-2021/UnititledUfoGame/UnititledUfoGame/Saved/Config/Windows/Scalability.ini]
[2021.01.04-15.40.40:003][  0]LogConfig: Setting CVar [[r.Streaming.MipBias:0]]
[2021.01.04-15.40.40:003][  0]LogConfig: Setting CVar [[r.Streaming.AmortizeCPUToGPUCopy:0]]
[2021.01.04-15.40.40:003][  0]LogConfig: Setting CVar [[r.Streaming.MaxNumTexturesToStreamPerFrame:0]]
[2021.01.04-15.40.40:003][  0]LogConfig: Setting CVar [[r.Streaming.Boost:1]]
[2021.01.04-15.40.40:003][  0]LogConfig: Setting CVar [[r.MaxAnisotropy:8]]
[2021.01.04-15.40.40:003][  0]LogConfig: Setting CVar [[r.VT.MaxAnisotropy:8]]
[2021.01.04-15.40.40:003][  0]LogConfig: Setting CVar [[r.Streaming.LimitPoolSizeToVRAM:0]]
[2021.01.04-15.40.40:003][  0]LogConfig: Setting CVar [[r.Streaming.PoolSize:1000]]
[2021.01.04-15.40.40:003][  0]LogConfig: Setting CVar [[r.Streaming.MaxEffectiveScreenSize:0]]
[2021.01.04-15.40.40:003][  0]LogConfig: Applying CVar settings from Section [EffectsQuality@3] File [C:/Users/Luke/Documents/GitHub/Senior-CGD-21-25-2021/UnititledUfoGame/UnititledUfoGame/Saved/Config/Windows/Scalability.ini]
[2021.01.04-15.40.40:003][  0]LogConfig: Setting CVar [[r.TranslucencyLightingVolumeDim:64]]
[2021.01.04-15.40.40:003][  0]LogConfig: Setting CVar [[r.RefractionQuality:2]]
[2021.01.04-15.40.40:003][  0]LogConfig: Setting CVar [[r.SSR.Quality:3]]
[2021.01.04-15.40.40:003][  0]LogConfig: Setting CVar [[r.SSR.HalfResSceneColor:0]]
[2021.01.04-15.40.40:003][  0]LogConfig: Setting CVar [[r.SceneColorFormat:4]]
[2021.01.04-15.40.40:003][  0]LogConfig: Setting CVar [[r.DetailMode:2]]
[2021.01.04-15.40.40:003][  0]LogConfig: Setting CVar [[r.TranslucencyVolumeBlur:1]]
[2021.01.04-15.40.40:003][  0]LogConfig: Setting CVar [[r.MaterialQualityLevel:1 ; High quality]]
[2021.01.04-15.40.40:003][  0]LogConfig: Setting CVar [[r.SSS.Scale:1]]
[2021.01.04-15.40.40:003][  0]LogConfig: Setting CVar [[r.SSS.SampleSet:2]]
[2021.01.04-15.40.40:003][  0]LogConfig: Setting CVar [[r.SSS.Quality:1]]
[2021.01.04-15.40.40:003][  0]LogConfig: Setting CVar [[r.SSS.HalfRes:0]]
[2021.01.04-15.40.40:003][  0]LogConfig: Setting CVar [[r.SSGI.Quality:3]]
[2021.01.04-15.40.40:003][  0]LogConfig: Setting CVar [[r.EmitterSpawnRateScale:1.0]]
[2021.01.04-15.40.40:003][  0]LogConfig: Setting CVar [[r.ParticleLightQuality:2]]
[2021.01.04-15.40.40:003][  0]LogConfig: Setting CVar [[r.SkyAtmosphere.AerialPerspectiveLUT.FastApplyOnOpaque:1 ; Always have FastSkyLUT 1 in this case to avoid wrong sky]]
[2021.01.04-15.40.40:003][  0]LogConfig: Setting CVar [[r.SkyAtmosphere.AerialPerspectiveLUT.SampleCountPerSlice:1]]
[2021.01.04-15.40.40:004][  0]LogConfig: Setting CVar [[r.SkyAtmosphere.AerialPerspectiveLUT.DepthResolution:16.0]]
[2021.01.04-15.40.40:004][  0]LogConfig: Setting CVar [[r.SkyAtmosphere.FastSkyLUT:1]]
[2021.01.04-15.40.40:004][  0]LogConfig: Setting CVar [[r.SkyAtmosphere.FastSkyLUT.SampleCountMin:4.0]]
[2021.01.04-15.40.40:004][  0]LogConfig: Setting CVar [[r.SkyAtmosphere.FastSkyLUT.SampleCountMax:32.0]]
[2021.01.04-15.40.40:004][  0]LogConfig: Setting CVar [[r.SkyAtmosphere.SampleCountMin:4.0]]
[2021.01.04-15.40.40:004][  0]LogConfig: Setting CVar [[r.SkyAtmosphere.SampleCountMax:32.0]]
[2021.01.04-15.40.40:004][  0]LogConfig: Setting CVar [[r.SkyAtmosphere.TransmittanceLUT.UseSmallFormat:0]]
[2021.01.04-15.40.40:004][  0]LogConfig: Setting CVar [[r.SkyAtmosphere.TransmittanceLUT.SampleCount:10.0]]
[2021.01.04-15.40.40:004][  0]LogConfig: Setting CVar [[r.SkyAtmosphere.MultiScatteringLUT.SampleCount:15.0]]
[2021.01.04-15.40.40:004][  0]LogConfig: Applying CVar settings from Section [FoliageQuality@3] File [C:/Users/Luke/Documents/GitHub/Senior-CGD-21-25-2021/UnititledUfoGame/UnititledUfoGame/Saved/Config/Windows/Scalability.ini]
[2021.01.04-15.40.40:004][  0]LogConfig: Setting CVar [[foliage.DensityScale:1.0]]
[2021.01.04-15.40.40:004][  0]LogConfig: Setting CVar [[grass.DensityScale:1.0]]
[2021.01.04-15.40.40:004][  0]LogConfig: Applying CVar settings from Section [ShadingQuality@3] File [C:/Users/Luke/Documents/GitHub/Senior-CGD-21-25-2021/UnititledUfoGame/UnititledUfoGame/Saved/Config/Windows/Scalability.ini]
[2021.01.04-15.40.40:004][  0]LogConfig: Setting CVar [[r.HairStrands.SkyLighting.SampleCount:16]]
[2021.01.04-15.40.40:004][  0]LogConfig: Setting CVar [[r.HairStrands.SkyLighting.JitterIntegration:0]]
[2021.01.04-15.40.40:004][  0]LogConfig: Setting CVar [[r.HairStrands.SkyAO.SampleCount:16]]
[2021.01.04-15.40.40:004][  0]LogConfig: Setting CVar [[r.HairStrands.DeepShadow.SuperSampling:0]]
[2021.01.04-15.40.40:004][  0]LogConfig: Setting CVar [[r.HairStrands.VisibilityPPLL:0]]
[2021.01.04-15.40.40:004][  0]LogConfig: Setting CVar [[r.HairStrands.RasterizationScale:0.5]]
[2021.01.04-15.40.40:004][  0]LogConfig: Setting CVar [[r.HairStrands.VelocityRasterizationScale:1]]
[2021.01.04-15.40.40:004][  0]LogConfig: Applying CVar settings from Section [Startup] File [../../../Engine/Config/ConsoleVariables.ini]
[2021.01.04-15.40.40:004][  0]LogConfig: Setting CVar [[net.UseAdaptiveNetUpdateFrequency:0]]
[2021.01.04-15.40.40:004][  0]LogConfig: Setting CVar [[p.chaos.AllowCreatePhysxBodies:1]]
[2021.01.04-15.40.40:004][  0]LogConfig: Setting CVar [[fx.SkipVectorVMBackendOptimizations:1]]
[2021.01.04-15.40.40:004][  0]LogConfig: Applying CVar settings from Section [ConsoleVariables] File [C:/Users/Luke/Documents/GitHub/Senior-CGD-21-25-2021/UnititledUfoGame/UnititledUfoGame/Saved/Config/Windows/Engine.ini]
[2021.01.04-15.40.40:004][  0]LogInit: Computer: LUKE-PC
[2021.01.04-15.40.40:004][  0]LogInit: User: Luke
[2021.01.04-15.40.40:004][  0]LogInit: CPU Page size=4096, Cores=8
[2021.01.04-15.40.40:004][  0]LogInit: High frequency timer resolution =10.000000 MHz
[2021.01.04-15.40.40:004][  0]LogMemory: Memory total: Physical=31.9GB (32GB approx)
[2021.01.04-15.40.40:004][  0]LogMemory: Platform Memory Stats for Windows
[2021.01.04-15.40.40:004][  0]LogMemory: Process Physical Memory: 119.85 MB used, 119.85 MB peak
[2021.01.04-15.40.40:004][  0]LogMemory: Process Virtual Memory: 98.06 MB used, 98.06 MB peak
[2021.01.04-15.40.40:004][  0]LogMemory: Physical Memory: 13945.43 MB used,  18744.41 MB free, 32689.84 MB total
[2021.01.04-15.40.40:004][  0]LogMemory: Virtual Memory: 5187.21 MB used,  134212544.00 MB free, 134217728.00 MB total
[2021.01.04-15.40.40:037][  0]LogWindows: WindowsPlatformFeatures enabled
[2021.01.04-15.40.40:071][  0]LogInit: Physics initialised using underlying interface: PhysX
[2021.01.04-15.40.40:071][  0]LogInit: Using OS detected language (en-GB).
[2021.01.04-15.40.40:071][  0]LogInit: Using OS detected locale (en-GB).
[2021.01.04-15.40.40:074][  0]LogTextLocalizationManager: No specific localization for 'en-GB' exists, so the 'en' localization will be used.
[2021.01.04-15.40.40:204][  0]LogInit: Setting process to per monitor DPI aware
[2021.01.04-15.40.40:234][  0]LogSlate: New Slate User Created.  User Index 0, Is Virtual User: 0
[2021.01.04-15.40.40:234][  0]LogSlate: Slate User Registered.  User Index 0, Is Virtual User: 0
[2021.01.04-15.40.40:391][  0]LogHMD: Failed to initialize OpenVR with code 108
[2021.01.04-15.40.40:391][  0]LogD3D11RHI: D3D11 min allowed feature level: 11_0
[2021.01.04-15.40.40:391][  0]LogD3D11RHI: D3D11 max allowed feature level: 11_0
[2021.01.04-15.40.40:392][  0]LogD3D11RHI: D3D11 adapters:
[2021.01.04-15.40.40:489][  0]LogD3D11RHI:    0. 'NVIDIA GeForce GTX 1070' (Feature Level 11_0)
[2021.01.04-15.40.40:489][  0]LogD3D11RHI:       8088/0/16344 MB DedicatedVideo/DedicatedSystem/SharedSystem, Outputs:2, VendorId:0x10de
[2021.01.04-15.40.40:491][  0]LogD3D11RHI:    1. 'Microsoft Basic Render Driver' (Feature Level 11_0)
[2021.01.04-15.40.40:491][  0]LogD3D11RHI:       0/0/16344 MB DedicatedVideo/DedicatedSystem/SharedSystem, Outputs:0, VendorId:0x1414
[2021.01.04-15.40.40:491][  0]LogD3D11RHI: Chosen D3D11 Adapter: 0
[2021.01.04-15.40.40:498][  0]LogD3D11RHI: Creating new Direct3DDevice
[2021.01.04-15.40.40:498][  0]LogD3D11RHI:     GPU DeviceId: 0x1b81 (for the marketing name, search the web for "GPU Device Id")
[2021.01.04-15.40.40:498][  0]LogWindows: EnumDisplayDevices:
[2021.01.04-15.40.40:498][  0]LogWindows:    0. 'NVIDIA GeForce GTX 1070' (P:1 D:1)
[2021.01.04-15.40.40:499][  0]LogWindows:    1. 'NVIDIA GeForce GTX 1070' (P:0 D:1)
[2021.01.04-15.40.40:499][  0]LogWindows:    2. 'NVIDIA GeForce GTX 1070' (P:0 D:0)
[2021.01.04-15.40.40:499][  0]LogWindows:    3. 'NVIDIA GeForce GTX 1070' (P:0 D:0)
[2021.01.04-15.40.40:499][  0]LogWindows: DebugString: FoundDriverCount:4 
[2021.01.04-15.40.40:499][  0]LogD3D11RHI:     Adapter Name: NVIDIA GeForce GTX 1070
[2021.01.04-15.40.40:499][  0]LogD3D11RHI:   Driver Version: 460.89 (internal:27.21.14.6089, unified:460.89)
[2021.01.04-15.40.40:499][  0]LogD3D11RHI:      Driver Date: 12-11-2020
[2021.01.04-15.40.40:499][  0]LogRHI: Texture pool is 5661 MB (70% of 8088 MB)
[2021.01.04-15.40.40:569][  0]LogD3D11RHI: RHI has support for 64 bit atomics
[2021.01.04-15.40.40:569][  0]LogD3D11RHI: Async texture creation enabled
[2021.01.04-15.40.40:569][  0]LogD3D11RHI: Array index from any shader is supported
[2021.01.04-15.40.40:604][  0]LogD3D11RHI: GPU Timing Frequency: 1000.000000 (Debug: 2 1)
[2021.01.04-15.40.40:827][  0]LogTargetPlatformManager: Display: Loaded TargetPlatform 'AllDesktop'
[2021.01.04-15.40.40:846][  0]LogTargetPlatformManager: Display: Loaded TargetPlatform 'Android'
[2021.01.04-15.40.40:846][  0]LogTargetPlatformManager: Display: Loaded TargetPlatform 'Android_ASTC'
[2021.01.04-15.40.40:846][  0]LogTargetPlatformManager: Display: Loaded TargetPlatform 'Android_DXT'
[2021.01.04-15.40.40:846][  0]LogTargetPlatformManager: Display: Loaded TargetPlatform 'Android_ETC2'
[2021.01.04-15.40.40:846][  0]LogTargetPlatformManager: Display: Loaded TargetPlatform 'AndroidClient'
[2021.01.04-15.40.40:846][  0]LogTargetPlatformManager: Display: Loaded TargetPlatform 'Android_ASTCClient'
[2021.01.04-15.40.40:846][  0]LogTargetPlatformManager: Display: Loaded TargetPlatform 'Android_DXTClient'
[2021.01.04-15.40.40:846][  0]LogTargetPlatformManager: Display: Loaded TargetPlatform 'Android_ETC2Client'
[2021.01.04-15.40.40:846][  0]LogTargetPlatformManager: Display: Loaded TargetPlatform 'Android_Multi'
[2021.01.04-15.40.40:846][  0]LogTargetPlatformManager: Display: Loaded TargetPlatform 'Android_MultiClient'
[2021.01.04-15.40.40:867][  0]LogTargetPlatformManager: Display: Loaded TargetPlatform 'IOSClient'
[2021.01.04-15.40.40:867][  0]LogTargetPlatformManager: Display: Loaded TargetPlatform 'IOS'
[2021.01.04-15.40.40:876][  0]LogTargetPlatformManager: Display: Loaded TargetPlatform 'Linux'
[2021.01.04-15.40.40:885][  0]LogTargetPlatformManager: Display: Loaded TargetPlatform 'LinuxNoEditor'
[2021.01.04-15.40.40:893][  0]LogTargetPlatformManager: Display: Loaded TargetPlatform 'LinuxClient'
[2021.01.04-15.40.40:901][  0]LogTargetPlatformManager: Display: Loaded TargetPlatform 'LinuxServer'
[2021.01.04-15.40.40:909][  0]LogTargetPlatformManager: Display: Loaded TargetPlatform 'LinuxAArch64NoEditor'
[2021.01.04-15.40.40:917][  0]LogTargetPlatformManager: Display: Loaded TargetPlatform 'LinuxAArch64Client'
[2021.01.04-15.40.40:926][  0]LogTargetPlatformManager: Display: Loaded TargetPlatform 'LinuxAArch64Server'
[2021.01.04-15.40.40:950][  0]LogTargetPlatformManager: Display: Loaded TargetPlatform 'Lumin'
[2021.01.04-15.40.40:950][  0]LogTargetPlatformManager: Display: Loaded TargetPlatform 'LuminClient'
[2021.01.04-15.40.40:964][  0]LogTargetPlatformManager: Display: Loaded TargetPlatform 'TVOSClient'
[2021.01.04-15.40.40:964][  0]LogTargetPlatformManager: Display: Loaded TargetPlatform 'TVOS'
[2021.01.04-15.40.40:972][  0]LogTargetPlatformManager: Display: Loaded TargetPlatform 'WindowsNoEditor'
[2021.01.04-15.40.40:981][  0]LogTargetPlatformManager: Display: Loaded TargetPlatform 'Windows'
[2021.01.04-15.40.40:989][  0]LogTargetPlatformManager: Display: Loaded TargetPlatform 'WindowsClient'
[2021.01.04-15.40.40:998][  0]LogTargetPlatformManager: Display: Loaded TargetPlatform 'WindowsServer'
[2021.01.04-15.40.40:998][  0]LogTargetPlatformManager: Display: Building Assets For Windows
[2021.01.04-15.40.41:004][  0]LogAudioDebug: Display: Lib vorbis DLL was dynamically loaded.
[2021.01.04-15.40.41:050][  0]LogShaderCompilers: Guid format shader working directory is -57 characters bigger than the processId version (../../../../../../Users/Luke/Documents/GitHub/Senior-CGD-21-25-2021/UnititledUfoGame/UnititledUfoGame/Intermediate/Shaders/WorkingDirectory/10764/).
[2021.01.04-15.40.41:050][  0]LogShaderCompilers: Cleaned the shader compiler working directory 'C:/Users/Luke/AppData/Local/Temp/UnrealShaderWorkingDir/77D43D9F44CED3AB8152A4B4E3152624/'.
[2021.01.04-15.40.41:051][  0]LogXGEController: Cannot use XGE Controller as Incredibuild is not installed on this machine.
[2021.01.04-15.40.41:051][  0]LogShaderCompilers: Cannot use XGE Shader Compiler as Incredibuild is not installed on this machine.
[2021.01.04-15.40.41:051][  0]LogShaderCompilers: Display: Using Local Shader Compiler.
[2021.01.04-15.40.41:678][  0]LogDerivedDataCache: Display: Max Cache Size: 512 MB
[2021.01.04-15.40.41:713][  0]LogDerivedDataCache: Loaded boot cache 0.03s 75MB C:/Users/Luke/AppData/Local/UnrealEngine/4.25/DerivedDataCache/Boot.ddc.
[2021.01.04-15.40.41:713][  0]LogDerivedDataCache: Display: Loaded Boot cache: C:/Users/Luke/AppData/Local/UnrealEngine/4.25/DerivedDataCache/Boot.ddc
[2021.01.04-15.40.41:713][  0]LogDerivedDataCache: FDerivedDataBackendGraph:  Pak pak cache file ../../../../../../Users/Luke/Documents/GitHub/Senior-CGD-21-25-2021/UnititledUfoGame/UnititledUfoGame/DerivedDataCache/DDC.ddp not found, will not use a pak cache.
[2021.01.04-15.40.41:713][  0]LogDerivedDataCache: Unable to find inner node Pak for hierarchical cache Hierarchy.
[2021.01.04-15.40.41:713][  0]LogDerivedDataCache: FDerivedDataBackendGraph:  CompressedPak pak cache file ../../../../../../Users/Luke/Documents/GitHub/Senior-CGD-21-25-2021/UnititledUfoGame/UnititledUfoGame/DerivedDataCache/Compressed.ddp not found, will not use a pak cache.
[2021.01.04-15.40.41:713][  0]LogDerivedDataCache: Unable to find inner node CompressedPak for hierarchical cache Hierarchy.
[2021.01.04-15.40.41:722][  0]LogDerivedDataCache: Display: Pak cache opened for reading ../../../Engine/DerivedDataCache/Compressed.ddp.
[2021.01.04-15.40.41:722][  0]LogDerivedDataCache: FDerivedDataBackendGraph:  EnterprisePak pak cache file ../../../Enterprise/DerivedDataCache/Compressed.ddp not found, will not use a pak cache.
[2021.01.04-15.40.41:722][  0]LogDerivedDataCache: Unable to find inner node EnterprisePak for hierarchical cache Hierarchy.
[2021.01.04-15.40.41:723][  0]LogDerivedDataCache: Using Local data cache path C:/Users/Luke/AppData/Local/UnrealEngine/Common/DerivedDataCache: Writable
[2021.01.04-15.40.41:723][  0]LogDerivedDataCache: Shared data cache path not found in *engine.ini, will not use an Shared cache.
[2021.01.04-15.40.41:723][  0]LogDerivedDataCache: Unable to find inner node Shared for hierarchical cache Hierarchy.
[2021.01.04-15.40.41:765][  0]LogSlate: Using FreeType 2.10.0
[2021.01.04-15.40.41:765][  0]LogSlate: SlateFontServices - WITH_FREETYPE: 1, WITH_HARFBUZZ: 1
[2021.01.04-15.40.41:783][  0]LogAssetRegistry: FAssetRegistry took 0.0022 seconds to start up
[2021.01.04-15.40.41:973][  0]LogInit: Selected Device Profile: [Windows]
[2021.01.04-15.40.42:060][  0]LogMeshReduction: Using QuadricMeshReduction for automatic static mesh reduction
[2021.01.04-15.40.42:060][  0]LogMeshReduction: Using SimplygonMeshReduction for automatic skeletal mesh reduction
[2021.01.04-15.40.42:060][  0]LogMeshReduction: Using ProxyLODMeshReduction for automatic mesh merging
[2021.01.04-15.40.42:060][  0]LogMeshReduction: No distributed automatic mesh merging module available
[2021.01.04-15.40.42:060][  0]LogMeshMerging: No distributed automatic mesh merging module available
[2021.01.04-15.40.42:072][  0]LogNetVersion: UnititledUfoGame 1.0.0, NetCL: 13144385, EngineNetVer: 14, GameNetVer: 0 (Checksum: 1021350750)
[2021.01.04-15.40.42:406][  0]LogAISub: UAISubsystem::UAISubsystem AISubsystem (000002B5A9DFD400), frame # 0
[2021.01.04-15.40.42:406][  0]LogAISub: UAISubsystem::UAISubsystem AIPerceptionSystem (000002B5A9D88900), frame # 0
[2021.01.04-15.40.42:407][  0]LogAISub: UAISubsystem::UAISubsystem EnvQueryManager (000002B5A9DA1E00), frame # 0
[2021.01.04-15.40.42:457][  0]LogPackageLocalizationCache: Processed 19 localized package path(s) for 1 prioritized culture(s) in 0.045054 seconds
[2021.01.04-15.40.42:461][  0]LogUObjectArray: 15917 objects as part of root set at end of initial load.
[2021.01.04-15.40.42:461][  0]LogUObjectAllocator: 3965568 out of 0 bytes used by permanent object pool.
[2021.01.04-15.40.42:461][  0]LogUObjectArray: CloseDisregardForGC: 0/0 objects in disregard for GC pool
[2021.01.04-15.40.42:718][  0]LogTcpMessaging: Initializing TcpMessaging bridge
[2021.01.04-15.40.42:721][  0]LogUdpMessaging: Initializing bridge on interface 0.0.0.0:0 to multicast group 230.0.0.1:6666.
[2021.01.04-15.40.42:778][  0]SourceControl: Source control is disabled
[2021.01.04-15.40.42:778][  0]SourceControl: Source control is disabled
[2021.01.04-15.40.42:780][  0]SourceControl: Source control is disabled
[2021.01.04-15.40.42:782][  0]SourceControl: Source control is disabled
[2021.01.04-15.40.42:787][  0]SourceControl: Source control is disabled
[2021.01.04-15.40.42:980][  0]LogAndroidPermission: UAndroidPermissionCallbackProxy::GetInstance
[2021.01.04-15.40.42:994][  0]LogAudioCaptureCore: Display: No Audio Capture implementations found. Audio input will be silent.
[2021.01.04-15.40.42:994][  0]LogAudioCaptureCore: Display: No Audio Capture implementations found. Audio input will be silent.
[2021.01.04-15.40.43:032][  0]LogOcInput: OculusInput pre-init called
[2021.01.04-15.40.43:042][  0]LogWindows: Failed to load 'OVRPlugin.dll' (GetLastError=126)
[2021.01.04-15.40.43:042][  0]LogWindows: File 'OVRPlugin.dll' does not exist
[2021.01.04-15.40.43:094][  0]LogEngine: Initializing Engine...
[2021.01.04-15.40.43:147][  0]LogHMD: Failed to initialize OpenVR with code 108
[2021.01.04-15.40.43:147][  0]LogMagicLeap: Warning: VR disabled because ZI is not enabled.  To enable, in the editor, Edit -> Project Settings -> Plugins -> Magic Leap Plugin -> Enable Zero Iteration
[2021.01.04-15.40.43:148][  0]LogStats: UGameplayTagsManager::InitializeManager -  0.000 s
[2021.01.04-15.40.43:236][  0]LogInit: Initializing FReadOnlyCVARCache
[2021.01.04-15.40.43:242][  0]LogAIModule: Creating AISystem for world Untitled
[2021.01.04-15.40.43:242][  0]LogAISub: UAISubsystem::UAISubsystem EnvQueryManager (000002B5ABB34600), frame # 0
[2021.01.04-15.40.43:242][  0]LogAISub: UAISubsystem::UAISubsystem AIPerceptionSystem (000002B5ABB0EC00), frame # 0
[2021.01.04-15.40.43:252][  0]LogAudioMixer: Display: Audio Mixer Platform Settings:
[2021.01.04-15.40.43:252][  0]LogAudioMixer: Display: 	Sample Rate:						  48000
[2021.01.04-15.40.43:252][  0]LogAudioMixer: Display: 	Callback Buffer Frame Size Requested: 1024
[2021.01.04-15.40.43:252][  0]LogAudioMixer: Display: 	Callback Buffer Frame Size To Use:	  1024
[2021.01.04-15.40.43:252][  0]LogAudioMixer: Display: 	Number of buffers to queue:			  2
[2021.01.04-15.40.43:252][  0]LogAudioMixer: Display: 	Max Channels (voices):				  32
[2021.01.04-15.40.43:252][  0]LogAudioMixer: Display: 	Number of Async Source Workers:		  0
[2021.01.04-15.40.43:252][  0]LogAudio: Display: AudioDevice MaxSources: 32
[2021.01.04-15.40.43:252][  0]LogAudio: Display: Using built-in audio occlusion.
[2021.01.04-15.40.43:252][  0]LogAudioMixer: Display: Initializing audio mixer.
[2021.01.04-15.40.43:265][  0]LogAudioMixer: Display: 0: FrontLeft
[2021.01.04-15.40.43:265][  0]LogAudioMixer: Display: 1: FrontRight
[2021.01.04-15.40.43:339][  0]LogAudioMixer: Display: Using Audio Device Speakers (Realtek(R) Audio)
[2021.01.04-15.40.43:341][  0]LogAudioMixer: Display: Initializing Sound Submixes...
[2021.01.04-15.40.43:343][  0]LogAudioMixer: Display: Creating Master Submix 'MasterSubmixDefault'
[2021.01.04-15.40.43:343][  0]LogAudioMixer: Display: Creating Master Submix 'MasterReverbSubmixDefault'
[2021.01.04-15.40.43:344][  0]LogAudioMixer: Display: Creating Master Submix 'MasterEQSubmixDefault'
[2021.01.04-15.40.43:345][  0]LogInit: FAudioDevice initialized.
[2021.01.04-15.40.43:345][  0]LogNetVersion: Set ProjectVersion to 1.0.0.0. Version Checksum will be recalculated on next use.
[2021.01.04-15.40.43:393][  0]LogDerivedDataCache: Saved boot cache 0.05s 75MB C:/Users/Luke/AppData/Local/UnrealEngine/4.25/DerivedDataCache/Boot.ddc.
[2021.01.04-15.40.43:397][  0]LogInit: Texture streaming: Enabled
[2021.01.04-15.40.43:410][  0]LogEngineSessionManager: EngineSessionManager initialized
[2021.01.04-15.40.43:410][  0]LogEditorSessionSummary: Verbose: Initializing EditorSessionSummaryWriter for editor session tracking
[2021.01.04-15.40.43:411][  0]LogEditorSessionSummary: EditorSessionSummaryWriter initialized
[2021.01.04-15.40.43:467][  0]LogInit: Transaction tracking system initialized
[2021.01.04-15.40.43:484][  0]BlueprintLog: New page: Editor Load
[2021.01.04-15.40.43:536][  0]LocalizationService: Localization service is disabled
[2021.01.04-15.40.43:653][  0]LogCook: Display: Max memory allowance for cook 16384mb min free memory 0mb
[2021.01.04-15.40.43:654][  0]LogCook: Display: Mobile HDR setting 1
[2021.01.04-15.40.43:744][  0]LogFileCache: Scanning file cache for directory 'C:/Users/Luke/Documents/GitHub/Senior-CGD-21-25-2021/UnititledUfoGame/UnititledUfoGame/Content/' took 0.00s
[2021.01.04-15.40.43:894][  0]SourceControl: Source control is disabled
[2021.01.04-15.40.43:894][  0]LogUnrealEdMisc: Loading editor; pre map load, took 5.164
[2021.01.04-15.40.43:901][  0]LightingResults: New page: Lighting Build
[2021.01.04-15.40.43:902][  0]LogWorld: UWorld::CleanupWorld for Untitled, bSessionEnded=true, bCleanupResources=true
[2021.01.04-15.40.43:902][  0]LogSlate: InvalidateAllWidgets triggered.  All widgets were invalidated
[2021.01.04-15.40.43:902][  0]MapCheck: New page: Map Check
[2021.01.04-15.40.43:902][  0]LightingResults: New page: Lighting Build
[2021.01.04-15.40.43:915][  0]LogAISub: UAISubsystem::~UAISubsystem EnvQueryManager (000002B5ABB34600), frame # 0
[2021.01.04-15.40.43:915][  0]LogAISub: UAISubsystem::~UAISubsystem AIPerceptionSystem (000002B5ABB0EC00), frame # 0
[2021.01.04-15.40.43:915][  0]LogUObjectHash: Compacting FUObjectHashTables data took   0.62ms
[2021.01.04-15.40.44:095][  0]LogAIModule: Creating AISystem for world FlyingExampleMap
[2021.01.04-15.40.44:096][  0]LogAISub: UAISubsystem::UAISubsystem EnvQueryManager (000002B5B6413E00), frame # 0
[2021.01.04-15.40.44:096][  0]LogAISub: UAISubsystem::UAISubsystem AIPerceptionSystem (000002B5B63BBB00), frame # 0
[2021.01.04-15.40.44:111][  0]LogEditorServer: Finished looking for orphan Actors (0.000 secs)
[2021.01.04-15.40.44:124][  0]LogUObjectHash: Compacting FUObjectHashTables data took   0.77ms
[2021.01.04-15.40.44:124][  0]Cmd: MAP CHECKDEP NOCLEARLOG
[2021.01.04-15.40.44:124][  0]MapCheck: Map check complete: 0 Error(s), 0 Warning(s), took 0.141ms to complete.
[2021.01.04-15.40.44:124][  0]LogFileHelpers: Loading map 'FlyingExampleMap' took 0.230
[2021.01.04-15.40.44:125][  0]LogUnrealEdMisc: Total Editor Startup Time, took 5.396
[2021.01.04-15.40.44:238][  0]LogSlate: Updating window title bar state: overlay mode, drag disabled, window buttons hidden, title bar hidden
[2021.01.04-15.40.44:243][  0]LogSlate: Updating window title bar state: overlay mode, drag disabled, window buttons hidden, title bar hidden
[2021.01.04-15.40.44:249][  0]LogSlate: Updating window title bar state: overlay mode, drag disabled, window buttons hidden, title bar hidden
[2021.01.04-15.40.44:254][  0]LogSlate: Updating window title bar state: overlay mode, drag disabled, window buttons hidden, title bar hidden
[2021.01.04-15.40.44:261][  0]LogCollectionManager: Loaded 0 collections in 0.001798 seconds
[2021.01.04-15.40.44:273][  0]LogFileCache: Scanning file cache for directory 'C:/Users/Luke/Documents/GitHub/Senior-CGD-21-25-2021/UnititledUfoGame/UnititledUfoGame/Saved/Collections/' took 0.00s
[2021.01.04-15.40.44:273][  0]LogFileCache: Scanning file cache for directory 'C:/Users/Luke/Documents/GitHub/Senior-CGD-21-25-2021/UnititledUfoGame/UnititledUfoGame/Content/Developers/Luke/Collections/' took 0.00s
[2021.01.04-15.40.44:273][  0]LogFileCache: Scanning file cache for directory 'C:/Users/Luke/Documents/GitHub/Senior-CGD-21-25-2021/UnititledUfoGame/UnititledUfoGame/Content/Collections/' took 0.00s
[2021.01.04-15.40.44:273][  0]LogContentBrowser: Native class hierarchy populated in 0.0083 seconds. Added 3427 classes and 821 folders.
[2021.01.04-15.40.44:275][  0]LogContentBrowser: Native class hierarchy updated for 'WidgetCarousel' in 0.0002 seconds. Added 0 classes and 0 folders.
[2021.01.04-15.40.44:314][  0]LogContentBrowser: Native class hierarchy updated for 'AddContentDialog' in 0.0002 seconds. Added 0 classes and 0 folders.
[2021.01.04-15.40.44:314][  0]LogContentBrowser: Native class hierarchy updated for 'SceneOutliner' in 0.0001 seconds. Added 2 classes and 0 folders.
[2021.01.04-15.40.44:650][  0]LogSlate: Took 0.000128 seconds to synchronously load lazily loaded font '../../../Engine/Content/Slate/Fonts/Roboto-Regular.ttf' (155K)
[2021.01.04-15.40.44:651][  0]LogSlate: Took 0.000100 seconds to synchronously load lazily loaded font '../../../Engine/Content/Slate/Fonts/Roboto-Bold.ttf' (160K)
[2021.01.04-15.40.44:655][  0]LogSlate: Took 0.000149 seconds to synchronously load lazily loaded font '../../../Engine/Content/Editor/Slate/Fonts/FontAwesome.ttf' (139K)
[2021.01.04-15.40.44:714][  0]LogRenderer: Reallocating scene render targets to support 1208x600 Format 10 NumSamples 1 (Frame:1).
[2021.01.04-15.40.44:790][  0]LogContentBrowser: Native class hierarchy updated for 'HierarchicalLODOutliner' in 0.0003 seconds. Added 0 classes and 0 folders.
[2021.01.04-15.40.44:790][  0]LogLoad: (Engine Initialization) Total time: 6.06 seconds
[2021.01.04-15.40.44:790][  0]LogLoad: (Engine Initialization) Total Blueprint compile time: 0.00 seconds
[2021.01.04-15.40.44:834][  0]LogContentStreaming: Texture pool size now 1000 MB
[2021.01.04-15.40.44:847][  0]LogSlate: Took 0.000096 seconds to synchronously load lazily loaded font '../../../Engine/Content/Slate/Fonts/Roboto-Light.ttf' (167K)
[2021.01.04-15.40.52:918][949]LogAssetRegistry: Asset discovery search completed in 11.1362 seconds
[2021.01.04-15.40.52:921][949]LogCollectionManager: Fixed up redirectors for 0 collections in 0.000002 seconds (updated 0 objects)
[2021.01.04-15.41.10:173][663]LogEditorViewport: Clicking on Actor (LMB): Turret_C (Turret)
[2021.01.04-15.41.11:231][784]LogTemp: Repeating last play command: Selected Viewport
[2021.01.04-15.41.11:245][784]LogPlayLevel: PlayLevel: No blueprints needed recompiling
[2021.01.04-15.41.11:245][784]PIE: New page: PIE session: FlyingExampleMap (4 Jan 2021, 15:41:11)
[2021.01.04-15.41.11:246][784]LogOnline: OSS: Creating online subsystem instance for: NULL
[2021.01.04-15.41.11:247][784]LogOnline: OSS: TryLoadSubsystemAndSetDefault: Loaded subsystem for module [NULL]
[2021.01.04-15.41.11:247][784]LogPlayLevel: Creating play world package: /Game/FlyingBP/Maps/UEDPIE_0_FlyingExampleMap
[2021.01.04-15.41.11:262][784]LogPlayLevel: PIE: StaticDuplicateObject took: (0.014914s)
[2021.01.04-15.41.11:263][784]LogAIModule: Creating AISystem for world FlyingExampleMap
[2021.01.04-15.41.11:263][784]LogAISub: UAISubsystem::UAISubsystem EnvQueryManager (000002B5B7C54E00), frame # 2784
[2021.01.04-15.41.11:263][784]LogAISub: UAISubsystem::UAISubsystem AIPerceptionSystem (000002B5B635F240), frame # 2784
[2021.01.04-15.41.11:263][784]LogPlayLevel: PIE: World Init took: (0.000917s)
[2021.01.04-15.41.11:263][784]LogPlayLevel: PIE: Created PIE world by copying editor world from /Game/FlyingBP/Maps/FlyingExampleMap.FlyingExampleMap to /Game/FlyingBP/Maps/UEDPIE_0_FlyingExampleMap.FlyingExampleMap (0.015948s)
[2021.01.04-15.41.11:276][784]LogUObjectHash: Compacting FUObjectHashTables data took   0.84ms
[2021.01.04-15.41.11:278][784]LogAudioMixer: Display: Audio Mixer Platform Settings:
[2021.01.04-15.41.11:278][784]LogAudioMixer: Display: 	Sample Rate:						  48000
[2021.01.04-15.41.11:278][784]LogAudioMixer: Display: 	Callback Buffer Frame Size Requested: 1024
[2021.01.04-15.41.11:278][784]LogAudioMixer: Display: 	Callback Buffer Frame Size To Use:	  1024
[2021.01.04-15.41.11:278][784]LogAudioMixer: Display: 	Number of buffers to queue:			  2
[2021.01.04-15.41.11:278][784]LogAudioMixer: Display: 	Max Channels (voices):				  32
[2021.01.04-15.41.11:278][784]LogAudioMixer: Display: 	Number of Async Source Workers:		  0
[2021.01.04-15.41.11:278][784]LogAudio: Display: AudioDevice MaxSources: 32
[2021.01.04-15.41.11:278][784]LogAudio: Display: Using built-in audio occlusion.
[2021.01.04-15.41.11:278][784]LogAudioMixer: Display: Initializing audio mixer.
[2021.01.04-15.41.11:281][784]LogAudioMixer: Display: 0: FrontLeft
[2021.01.04-15.41.11:281][784]LogAudioMixer: Display: 1: FrontRight
[2021.01.04-15.41.11:304][784]LogAudioMixer: Display: Using Audio Device Speakers (Realtek(R) Audio)
[2021.01.04-15.41.11:304][784]LogAudioMixer: Display: Initializing Sound Submixes...
[2021.01.04-15.41.11:304][784]LogAudioMixer: Display: Creating Master Submix 'MasterSubmixDefault'
[2021.01.04-15.41.11:304][784]LogAudioMixer: Display: Creating Master Submix 'MasterReverbSubmixDefault'
[2021.01.04-15.41.11:304][784]LogAudioMixer: Display: Creating Master Submix 'MasterEQSubmixDefault'
[2021.01.04-15.41.11:314][784]LogInit: FAudioDevice initialized.
[2021.01.04-15.41.11:319][784]LogLoad: Game class is 'FlyingGameMode_C'
[2021.01.04-15.41.11:323][784]LogWorld: Bringing World /Game/FlyingBP/Maps/UEDPIE_0_FlyingExampleMap.FlyingExampleMap up for play (max tick rate 0) at 2021.01.04-15.41.11
[2021.01.04-15.41.11:323][784]LogWorld: Bringing up level for play took: 0.003566
[2021.01.04-15.41.11:323][784]LogOnline: OSS: Creating online subsystem instance for: :Context_6
[2021.01.04-15.41.11:326][784]LogContentBrowser: Native class hierarchy updated for 'MovieSceneCapture' in 0.0003 seconds. Added 20 classes and 0 folders.
[2021.01.04-15.41.11:326][784]PIE: Server logged in
[2021.01.04-15.41.11:328][784]PIE: Play in editor total start time 0.083 seconds.
[2021.01.04-15.41.47:279][ 19]LogSlate: Updating window title bar state: overlay mode, drag disabled, window buttons hidden, title bar hidden
[2021.01.04-15.41.47:279][ 19]LogWorld: BeginTearingDown for /Game/FlyingBP/Maps/UEDPIE_0_FlyingExampleMap
[2021.01.04-15.41.47:279][ 19]LogWorld: UWorld::CleanupWorld for FlyingExampleMap, bSessionEnded=true, bCleanupResources=true
[2021.01.04-15.41.47:279][ 19]LogSlate: InvalidateAllWidgets triggered.  All widgets were invalidated
[2021.01.04-15.41.47:287][ 19]LogPlayLevel: Display: Shutting down PIE online subsystems
[2021.01.04-15.41.47:288][ 19]LogSlate: InvalidateAllWidgets triggered.  All widgets were invalidated
[2021.01.04-15.41.47:314][ 19]LogSlate: Updating window title bar state: overlay mode, drag disabled, window buttons hidden, title bar hidden
[2021.01.04-15.41.47:316][ 19]LogAISub: UAISubsystem::~UAISubsystem EnvQueryManager (000002B5B7C54E00), frame # 3019
[2021.01.04-15.41.47:316][ 19]LogAISub: UAISubsystem::~UAISubsystem AIPerceptionSystem (000002B5B635F240), frame # 3019
[2021.01.04-15.41.47:317][ 19]LogUObjectHash: Compacting FUObjectHashTables data took   0.57ms
[2021.01.04-15.41.47:351][ 21]LogPlayLevel: Display: Destroying online subsystem :Context_6
[2021.01.04-15.41.47:883][ 84]LogTemp: Repeating last play command: Selected Viewport
[2021.01.04-15.41.47:899][ 84]LogPlayLevel: PlayLevel: No blueprints needed recompiling
[2021.01.04-15.41.47:899][ 84]PIE: New page: PIE session: FlyingExampleMap (4 Jan 2021, 15:41:47)
[2021.01.04-15.41.47:938][ 84]LogPlayLevel: Creating play world package: /Game/FlyingBP/Maps/UEDPIE_0_FlyingExampleMap
[2021.01.04-15.41.47:951][ 84]LogPlayLevel: PIE: StaticDuplicateObject took: (0.012973s)
[2021.01.04-15.41.47:952][ 84]LogAIModule: Creating AISystem for world FlyingExampleMap
[2021.01.04-15.41.47:952][ 84]LogAISub: UAISubsystem::UAISubsystem EnvQueryManager (000002B5B797CE00), frame # 3084
[2021.01.04-15.41.47:952][ 84]LogAISub: UAISubsystem::UAISubsystem AIPerceptionSystem (000002B59ADBDA80), frame # 3084
[2021.01.04-15.41.47:952][ 84]LogPlayLevel: PIE: World Init took: (0.001480s)
[2021.01.04-15.41.47:952][ 84]LogPlayLevel: PIE: Created PIE world by copying editor world from /Game/FlyingBP/Maps/FlyingExampleMap.FlyingExampleMap to /Game/FlyingBP/Maps/UEDPIE_0_FlyingExampleMap.FlyingExampleMap (0.014583s)
[2021.01.04-15.41.47:963][ 84]LogUObjectHash: Compacting FUObjectHashTables data took   0.84ms
[2021.01.04-15.41.47:964][ 84]LogAudioMixer: Display: Audio Mixer Platform Settings:
[2021.01.04-15.41.47:964][ 84]LogAudioMixer: Display: 	Sample Rate:						  48000
[2021.01.04-15.41.47:964][ 84]LogAudioMixer: Display: 	Callback Buffer Frame Size Requested: 1024
[2021.01.04-15.41.47:964][ 84]LogAudioMixer: Display: 	Callback Buffer Frame Size To Use:	  1024
[2021.01.04-15.41.47:964][ 84]LogAudioMixer: Display: 	Number of buffers to queue:			  2
[2021.01.04-15.41.47:964][ 84]LogAudioMixer: Display: 	Max Channels (voices):				  32
[2021.01.04-15.41.47:964][ 84]LogAudioMixer: Display: 	Number of Async Source Workers:		  0
[2021.01.04-15.41.47:964][ 84]LogAudio: Display: AudioDevice MaxSources: 32
[2021.01.04-15.41.47:965][ 84]LogAudio: Display: Using built-in audio occlusion.
[2021.01.04-15.41.47:965][ 84]LogAudioMixer: Display: Initializing audio mixer.
[2021.01.04-15.41.47:968][ 84]LogAudioMixer: Display: 0: FrontLeft
[2021.01.04-15.41.47:968][ 84]LogAudioMixer: Display: 1: FrontRight
[2021.01.04-15.41.47:990][ 84]LogAudioMixer: Display: Using Audio Device Speakers (Realtek(R) Audio)
[2021.01.04-15.41.47:990][ 84]LogAudioMixer: Display: Initializing Sound Submixes...
[2021.01.04-15.41.47:990][ 84]LogAudioMixer: Display: Creating Master Submix 'MasterSubmixDefault'
[2021.01.04-15.41.47:990][ 84]LogAudioMixer: Display: Creating Master Submix 'MasterReverbSubmixDefault'
[2021.01.04-15.41.47:991][ 84]LogAudioMixer: Display: Creating Master Submix 'MasterEQSubmixDefault'
[2021.01.04-15.41.48:000][ 84]LogInit: FAudioDevice initialized.
[2021.01.04-15.41.48:005][ 84]LogLoad: Game class is 'FlyingGameMode_C'
[2021.01.04-15.41.48:008][ 84]LogWorld: Bringing World /Game/FlyingBP/Maps/UEDPIE_0_FlyingExampleMap.FlyingExampleMap up for play (max tick rate 0) at 2021.01.04-15.41.48
[2021.01.04-15.41.48:008][ 84]LogWorld: Bringing up level for play took: 0.003351
[2021.01.04-15.41.48:008][ 84]LogOnline: OSS: Creating online subsystem instance for: :Context_7
[2021.01.04-15.41.48:010][ 84]PIE: Server logged in
[2021.01.04-15.41.48:011][ 84]PIE: Play in editor total start time 0.112 seconds.
[2021.01.04-15.41.48:669][161]LogBlueprintUserMessages: [FlyingPawn_297] true
[2021.01.04-15.41.54:760][892]LogBlueprintUserMessages: [FlyingPawn_297] false
[2021.01.04-15.42.01:038][642]LogSlate: Updating window title bar state: overlay mode, drag disabled, window buttons hidden, title bar hidden
[2021.01.04-15.42.01:038][642]LogWorld: BeginTearingDown for /Game/FlyingBP/Maps/UEDPIE_0_FlyingExampleMap
[2021.01.04-15.42.01:039][642]LogWorld: UWorld::CleanupWorld for FlyingExampleMap, bSessionEnded=true, bCleanupResources=true
[2021.01.04-15.42.01:039][642]LogSlate: InvalidateAllWidgets triggered.  All widgets were invalidated
[2021.01.04-15.42.01:049][642]LogPlayLevel: Display: Shutting down PIE online subsystems
[2021.01.04-15.42.01:050][642]LogSlate: InvalidateAllWidgets triggered.  All widgets were invalidated
[2021.01.04-15.42.01:058][642]LogSlate: Updating window title bar state: overlay mode, drag disabled, window buttons hidden, title bar hidden
[2021.01.04-15.42.01:078][642]LogAISub: UAISubsystem::~UAISubsystem AIPerceptionSystem (000002B59ADBDA80), frame # 4642
[2021.01.04-15.42.01:078][642]LogAISub: UAISubsystem::~UAISubsystem EnvQueryManager (000002B5B797CE00), frame # 4642
[2021.01.04-15.42.01:079][642]LogUObjectHash: Compacting FUObjectHashTables data took   0.59ms
[2021.01.04-15.42.01:127][644]LogPlayLevel: Display: Destroying online subsystem :Context_7
