"C:/Users/44756/Documents/GitHub/Senior-CGD-21-25-2021-UFO/UnititledUfoGame/UnititledUfoGame/Content/Assets/Mesh/Material__107.uasset" 0
"C:/Users/44756/Documents/GitHub/Senior-CGD-21-25-2021-UFO/UnititledUfoGame/UnititledUfoGame/Content/Assets/Mesh/AA2_AA2_SiloDoorL.uasset" 1
"C:/Users/44756/Documents/GitHub/Senior-CGD-21-25-2021-UFO/UnititledUfoGame/UnititledUfoGame/Content/Assets/Mesh/AA2_AA2_SiloDoorR.uasset" 2
"C:/Users/44756/Documents/GitHub/Senior-CGD-21-25-2021-UFO/UnititledUfoGame/UnititledUfoGame/Content/FlyingBP/FlyingOverview.uasset" 3
"C:/Users/44756/Documents/GitHub/Senior-CGD-21-25-2021-UFO/UnititledUfoGame/UnititledUfoGame/Content/Geometry/Meshes/CubeMaterial.uasset" 4
"C:/Users/44756/Documents/GitHub/Senior-CGD-21-25-2021-UFO/UnititledUfoGame/UnititledUfoGame/Content/Geometry/Meshes/1M_Cube_ChamferEdit.uasset" 5
"C:/Users/44756/Documents/GitHub/Senior-CGD-21-25-2021-UFO/UnititledUfoGame/UnititledUfoGame/Content/StarterContent/Materials/M_Basic_Wall.uasset" 6
"C:/Users/44756/Documents/GitHub/Senior-CGD-21-25-2021-UFO/UnititledUfoGame/UnititledUfoGame/Content/StarterContent/Architecture/Pillar_50x500.uasset" 7
"C:/Users/44756/Documents/GitHub/Senior-CGD-21-25-2021-UFO/UnititledUfoGame/UnititledUfoGame/Content/StarterContent/Architecture/Wall_400x300.uasset" 8
"C:/Users/44756/Documents/GitHub/Senior-CGD-21-25-2021-UFO/UnititledUfoGame/UnititledUfoGame/Content/StarterContent/Architecture/Wall_400x400.uasset" 9
"C:/Users/44756/Documents/GitHub/Senior-CGD-21-25-2021-UFO/UnititledUfoGame/UnititledUfoGame/Content/StarterContent/Architecture/Wall_500x500.uasset" 10
"C:/Users/44756/Documents/GitHub/Senior-CGD-21-25-2021-UFO/UnititledUfoGame/UnititledUfoGame/Content/StarterContent/Architecture/Wall_Door_400x400.uasset" 11
"C:/Users/44756/Documents/GitHub/Senior-CGD-21-25-2021-UFO/UnititledUfoGame/UnititledUfoGame/Content/StarterContent/Architecture/Wall_Window_400x400.uasset" 12
"C:/Users/44756/Documents/GitHub/Senior-CGD-21-25-2021-UFO/UnititledUfoGame/UnititledUfoGame/Content/StarterContent/Audio/Collapse01.uasset" 13
"C:/Users/44756/Documents/GitHub/Senior-CGD-21-25-2021-UFO/UnititledUfoGame/UnititledUfoGame/Content/StarterContent/Audio/Collapse02.uasset" 14
"C:/Users/44756/Documents/GitHub/Senior-CGD-21-25-2021-UFO/UnititledUfoGame/UnititledUfoGame/Content/StarterContent/Audio/Explosion01.uasset" 15
"C:/Users/44756/Documents/GitHub/Senior-CGD-21-25-2021-UFO/UnititledUfoGame/UnititledUfoGame/Content/StarterContent/Audio/Explosion02.uasset" 16
"C:/Users/44756/Documents/GitHub/Senior-CGD-21-25-2021-UFO/UnititledUfoGame/UnititledUfoGame/Content/StarterContent/Audio/Fire01.uasset" 17
"C:/Users/44756/Documents/GitHub/Senior-CGD-21-25-2021-UFO/UnititledUfoGame/UnititledUfoGame/Content/StarterContent/Audio/Fire_Sparks01.uasset" 18
"C:/Users/44756/Documents/GitHub/Senior-CGD-21-25-2021-UFO/UnititledUfoGame/UnititledUfoGame/Content/StarterContent/Audio/Light01.uasset" 19
"C:/Users/44756/Documents/GitHub/Senior-CGD-21-25-2021-UFO/UnititledUfoGame/UnititledUfoGame/Content/StarterContent/Audio/Light01_Cue.uasset" 20
"C:/Users/44756/Documents/GitHub/Senior-CGD-21-25-2021-UFO/UnititledUfoGame/UnititledUfoGame/Content/StarterContent/Audio/Light02.uasset" 21
"C:/Users/44756/Documents/GitHub/Senior-CGD-21-25-2021-UFO/UnititledUfoGame/UnititledUfoGame/Content/StarterContent/Audio/Light02_Cue.uasset" 22
"C:/Users/44756/Documents/GitHub/Senior-CGD-21-25-2021-UFO/UnititledUfoGame/UnititledUfoGame/Content/StarterContent/Audio/Smoke01.uasset" 23
"C:/Users/44756/Documents/GitHub/Senior-CGD-21-25-2021-UFO/UnititledUfoGame/UnititledUfoGame/Content/StarterContent/Audio/Starter_Birds01.uasset" 24
"C:/Users/44756/Documents/GitHub/Senior-CGD-21-25-2021-UFO/UnititledUfoGame/UnititledUfoGame/Content/StarterContent/Audio/Starter_Music01.uasset" 25
"C:/Users/44756/Documents/GitHub/Senior-CGD-21-25-2021-UFO/UnititledUfoGame/UnititledUfoGame/Content/StarterContent/Audio/Starter_Wind05.uasset" 26
"C:/Users/44756/Documents/GitHub/Senior-CGD-21-25-2021-UFO/UnititledUfoGame/UnititledUfoGame/Content/StarterContent/Audio/Starter_Wind06.uasset" 27
"C:/Users/44756/Documents/GitHub/Senior-CGD-21-25-2021-UFO/UnititledUfoGame/UnititledUfoGame/Content/StarterContent/Audio/Steam01.uasset" 28
"C:/Users/44756/Documents/GitHub/Senior-CGD-21-25-2021-UFO/UnititledUfoGame/UnititledUfoGame/Content/StarterContent/Audio/Explosion_Cue.uasset" 29
"C:/Users/44756/Documents/GitHub/Senior-CGD-21-25-2021-UFO/UnititledUfoGame/UnititledUfoGame/Content/StarterContent/Textures/T_Burst_M.uasset" 30
"C:/Users/44756/Documents/GitHub/Senior-CGD-21-25-2021-UFO/UnititledUfoGame/UnititledUfoGame/Content/StarterContent/Particles/Materials/M_Burst.uasset" 31
"C:/Users/44756/Documents/GitHub/Senior-CGD-21-25-2021-UFO/UnititledUfoGame/UnititledUfoGame/Content/StarterContent/Textures/T_Explosion_SubUV.uasset" 32
"C:/Users/44756/Documents/GitHub/Senior-CGD-21-25-2021-UFO/UnititledUfoGame/UnititledUfoGame/Content/StarterContent/Particles/Materials/M_explosion_subUV.uasset" 33
"C:/Users/44756/Documents/GitHub/Senior-CGD-21-25-2021-UFO/UnititledUfoGame/UnititledUfoGame/Content/StarterContent/Particles/Materials/m_flare_01.uasset" 34
"../../../Engine/Content/Functions/Engine_MaterialFunctions01/Gradient/RadialGradient.uasset" 35
"C:/Users/44756/Documents/GitHub/Senior-CGD-21-25-2021-UFO/UnititledUfoGame/UnititledUfoGame/Content/StarterContent/Particles/Materials/M_radial_ramp.uasset" 36
"C:/Users/44756/Documents/GitHub/Senior-CGD-21-25-2021-UFO/UnititledUfoGame/UnititledUfoGame/Content/StarterContent/Textures/T_Smoke_SubUV.uasset" 37
"C:/Users/44756/Documents/GitHub/Senior-CGD-21-25-2021-UFO/UnititledUfoGame/UnititledUfoGame/Content/StarterContent/Textures/T_Smoke_Tiled_D.uasset" 38
"C:/Users/44756/Documents/GitHub/Senior-CGD-21-25-2021-UFO/UnititledUfoGame/UnititledUfoGame/Content/StarterContent/Particles/Materials/M_smoke_subUV.uasset" 39
"C:/Users/44756/Documents/GitHub/Senior-CGD-21-25-2021-UFO/UnititledUfoGame/UnititledUfoGame/Content/StarterContent/Particles/P_Explosion.uasset" 40
"C:/Users/44756/Documents/GitHub/Senior-CGD-21-25-2021-UFO/UnititledUfoGame/UnititledUfoGame/Content/StarterContent/Blueprints/Blueprint_Effect_Explosion.uasset" 41
"../../../Engine/Content/EditorMeshes/ColorCalibrator/T_ColorGrid.uasset" 42
"C:/Users/44756/Documents/GitHub/Senior-CGD-21-25-2021-UFO/UnititledUfoGame/UnititledUfoGame/Content/StarterContent/Materials/M_ColorGrid_LowSpec.uasset" 43
"C:/Users/44756/Documents/GitHub/Senior-CGD-21-25-2021-UFO/UnititledUfoGame/UnititledUfoGame/Content/StarterContent/Textures/T_Bush_D.uasset" 44
"C:/Users/44756/Documents/GitHub/Senior-CGD-21-25-2021-UFO/UnititledUfoGame/UnititledUfoGame/Content/StarterContent/Textures/T_Bush_N.uasset" 45
"C:/Users/44756/Documents/GitHub/Senior-CGD-21-25-2021-UFO/UnititledUfoGame/UnititledUfoGame/Content/StarterContent/Props/Materials/M_Bush.uasset" 46
"C:/Users/44756/Documents/GitHub/Senior-CGD-21-25-2021-UFO/UnititledUfoGame/UnititledUfoGame/Content/StarterContent/Props/SM_Bush.uasset" 47
"C:/Users/44756/Documents/GitHub/Senior-CGD-21-25-2021-UFO/UnititledUfoGame/UnititledUfoGame/Content/StarterContent/Textures/T_Chair_M.uasset" 48
"C:/Users/44756/Documents/GitHub/Senior-CGD-21-25-2021-UFO/UnititledUfoGame/UnititledUfoGame/Content/StarterContent/Textures/T_Chair_N.uasset" 49
"C:/Users/44756/Documents/GitHub/Senior-CGD-21-25-2021-UFO/UnititledUfoGame/UnititledUfoGame/Content/StarterContent/Props/Materials/M_Chair.uasset" 50
"C:/Users/44756/Documents/GitHub/Senior-CGD-21-25-2021-UFO/UnititledUfoGame/UnititledUfoGame/Content/StarterContent/Props/SM_Couch.uasset" 51
"C:/Users/44756/Documents/GitHub/Senior-CGD-21-25-2021-UFO/UnititledUfoGame/UnititledUfoGame/Content/StarterContent/Materials/M_Glass.uasset" 52
"C:/Users/44756/Documents/GitHub/Senior-CGD-21-25-2021-UFO/UnititledUfoGame/UnititledUfoGame/Content/StarterContent/Textures/T_Door_M.uasset" 53
"C:/Users/44756/Documents/GitHub/Senior-CGD-21-25-2021-UFO/UnititledUfoGame/UnititledUfoGame/Content/StarterContent/Textures/T_Door_N.uasset" 54
"C:/Users/44756/Documents/GitHub/Senior-CGD-21-25-2021-UFO/UnititledUfoGame/UnititledUfoGame/Content/StarterContent/Props/Materials/M_Door.uasset" 55
"C:/Users/44756/Documents/GitHub/Senior-CGD-21-25-2021-UFO/UnititledUfoGame/UnititledUfoGame/Content/StarterContent/Props/SM_Door.uasset" 56
"C:/Users/44756/Documents/GitHub/Senior-CGD-21-25-2021-UFO/UnititledUfoGame/UnititledUfoGame/Content/StarterContent/Props/Materials/M_MaterialSphere.uasset" 57
"C:/Users/44756/Documents/GitHub/Senior-CGD-21-25-2021-UFO/UnititledUfoGame/UnititledUfoGame/Content/StarterContent/Props/Materials/M_MaterialSphere_Plain.uasset" 58
"C:/Users/44756/Documents/GitHub/Senior-CGD-21-25-2021-UFO/UnititledUfoGame/UnititledUfoGame/Content/StarterContent/Props/SM_MatPreviewMesh_02.uasset" 59
"../../../Engine/Content/Functions/Engine_MaterialFunctions02/Utility/BlendAngleCorrectedNormals.uasset" 60
"C:/Users/44756/Documents/GitHub/Senior-CGD-21-25-2021-UFO/UnititledUfoGame/UnititledUfoGame/Content/StarterContent/Textures/T_Detail_Rocky_N.uasset" 61
"C:/Users/44756/Documents/GitHub/Senior-CGD-21-25-2021-UFO/UnititledUfoGame/UnititledUfoGame/Content/StarterContent/Textures/T_Rock_Basalt_D.uasset" 62
"C:/Users/44756/Documents/GitHub/Senior-CGD-21-25-2021-UFO/UnititledUfoGame/UnititledUfoGame/Content/StarterContent/Textures/T_RockMesh_M.uasset" 63
"C:/Users/44756/Documents/GitHub/Senior-CGD-21-25-2021-UFO/UnititledUfoGame/UnititledUfoGame/Content/StarterContent/Textures/T_RockMesh_N.uasset" 64
"C:/Users/44756/Documents/GitHub/Senior-CGD-21-25-2021-UFO/UnititledUfoGame/UnititledUfoGame/Content/StarterContent/Props/Materials/M_Rock.uasset" 65
"C:/Users/44756/Documents/GitHub/Senior-CGD-21-25-2021-UFO/UnititledUfoGame/UnititledUfoGame/Content/StarterContent/Props/SM_Rock.uasset" 66
"C:/Users/44756/Documents/GitHub/Senior-CGD-21-25-2021-UFO/UnititledUfoGame/UnititledUfoGame/Content/StarterContent/Textures/T_Shelf_M.uasset" 67
"C:/Users/44756/Documents/GitHub/Senior-CGD-21-25-2021-UFO/UnititledUfoGame/UnititledUfoGame/Content/StarterContent/Textures/T_Shelf_N.uasset" 68
"C:/Users/44756/Documents/GitHub/Senior-CGD-21-25-2021-UFO/UnititledUfoGame/UnititledUfoGame/Content/StarterContent/Props/Materials/M_Shelf.uasset" 69
"C:/Users/44756/Documents/GitHub/Senior-CGD-21-25-2021-UFO/UnititledUfoGame/UnititledUfoGame/Content/StarterContent/Props/SM_Shelf.uasset" 70
"C:/Users/44756/Documents/GitHub/Senior-CGD-21-25-2021-UFO/UnititledUfoGame/UnititledUfoGame/Content/StarterContent/Materials/M_Basic_Floor.uasset" 71
"C:/Users/44756/Documents/GitHub/Senior-CGD-21-25-2021-UFO/UnititledUfoGame/UnititledUfoGame/Content/StarterContent/Props/SM_Stairs.uasset" 72
"C:/Users/44756/Documents/GitHub/Senior-CGD-21-25-2021-UFO/UnititledUfoGame/UnititledUfoGame/Content/StarterContent/Shapes/Shape_Cone.uasset" 73
"C:/Users/44756/Documents/GitHub/Senior-CGD-21-25-2021-UFO/UnititledUfoGame/UnititledUfoGame/Content/StarterContent/Shapes/Shape_Cylinder.uasset" 74
"C:/Users/44756/Documents/GitHub/Senior-CGD-21-25-2021-UFO/UnititledUfoGame/UnititledUfoGame/Content/StarterContent/Shapes/Shape_NarrowCapsule.uasset" 75
"C:/Users/44756/Documents/GitHub/Senior-CGD-21-25-2021-UFO/UnititledUfoGame/UnititledUfoGame/Content/StarterContent/Shapes/Shape_Pipe.uasset" 76
"C:/Users/44756/Documents/GitHub/Senior-CGD-21-25-2021-UFO/UnititledUfoGame/UnititledUfoGame/Content/StarterContent/Shapes/Shape_Pipe_180.uasset" 77
"C:/Users/44756/Documents/GitHub/Senior-CGD-21-25-2021-UFO/UnititledUfoGame/UnititledUfoGame/Content/StarterContent/Shapes/Shape_Pipe_90.uasset" 78
"C:/Users/44756/Documents/GitHub/Senior-CGD-21-25-2021-UFO/UnititledUfoGame/UnititledUfoGame/Content/StarterContent/Shapes/Shape_Plane.uasset" 79
"C:/Users/44756/Documents/GitHub/Senior-CGD-21-25-2021-UFO/UnititledUfoGame/UnititledUfoGame/Content/StarterContent/Shapes/Shape_Torus.uasset" 80
"C:/Users/44756/Documents/GitHub/Senior-CGD-21-25-2021-UFO/UnititledUfoGame/UnititledUfoGame/Content/StarterContent/Shapes/Shape_Trim.uasset" 81
"C:/Users/44756/Documents/GitHub/Senior-CGD-21-25-2021-UFO/UnititledUfoGame/UnititledUfoGame/Content/StarterContent/Shapes/Shape_Trim_90_In.uasset" 82
"C:/Users/44756/Documents/GitHub/Senior-CGD-21-25-2021-UFO/UnititledUfoGame/UnititledUfoGame/Content/StarterContent/Shapes/Shape_Trim_90_Out.uasset" 83
"C:/Users/44756/Documents/GitHub/Senior-CGD-21-25-2021-UFO/UnititledUfoGame/UnititledUfoGame/Content/StarterContent/Shapes/Shape_TriPyramid.uasset" 84
"C:/Users/44756/Documents/GitHub/Senior-CGD-21-25-2021-UFO/UnititledUfoGame/UnititledUfoGame/Content/StarterContent/Shapes/Shape_Tube.uasset" 85
"C:/Users/44756/Documents/GitHub/Senior-CGD-21-25-2021-UFO/UnititledUfoGame/UnititledUfoGame/Content/StarterContent/Shapes/Shape_Wedge_A.uasset" 86
"C:/Users/44756/Documents/GitHub/Senior-CGD-21-25-2021-UFO/UnititledUfoGame/UnititledUfoGame/Content/StarterContent/Shapes/Shape_Wedge_B.uasset" 87
"C:/Users/44756/Documents/GitHub/Senior-CGD-21-25-2021-UFO/UnititledUfoGame/UnititledUfoGame/Content/StarterContent/Shapes/Shape_WideCapsule.uasset" 88
"C:/Users/44756/Documents/GitHub/Senior-CGD-21-25-2021-UFO/UnititledUfoGame/UnititledUfoGame/Content/UI/Controls.uasset" 89
"C:/Users/44756/Documents/GitHub/Senior-CGD-21-25-2021-UFO/UnititledUfoGame/UnititledUfoGame/Content/UI/Pig.uasset" 90
"../../../Engine/Content/Animation/DefaultAnimCurveCompressionSettings.uasset" 91
"../../../Engine/Content/Functions/Engine_MaterialFunctions01/Opacity/CameraDepthFade.uasset" 92
"../../../Engine/Content/EngineMaterials/T_Default_Material_Grid_M.uasset" 93
"../../../Engine/Content/EngineMaterials/T_Default_Material_Grid_N.uasset" 94
"../../../Engine/Content/EngineMaterials/WorldGridMaterial.uasset" 95
"../../../Engine/Content/ArtTools/RenderToTexture/Meshes/S_1_Unit_Plane.uasset" 96
"../../../Engine/Content/EngineMaterials/DefaultMaterial.uasset" 97
"../../../Engine/Content/BasicShapes/Cone.uasset" 98
"../../../Engine/Content/BasicShapes/Cube.uasset" 99
"../../../Engine/Content/BasicShapes/Cylinder.uasset" 100
"../../../Engine/Content/BasicShapes/Plane.uasset" 101
"../../../Engine/Content/BasicShapes/Sphere.uasset" 102
"../../../Engine/Content/EditorLandscapeResources/DataLayer.uasset" 103
"../../../Engine/Content/EditorMaterials/MAT_Groups_Toggle.uasset" 104
"../../../Engine/Content/EditorMaterials/MAT_Groups_Visibility.uasset" 105
"../../../Engine/Content/EditorMaterials/PreviewShadowIndicator.uasset" 106
"../../../Engine/Content/EditorMaterials/PreviewShadowIndicatorMaterial.uasset" 107
"../../../Engine/Content/EditorMaterials/MatineeGroups/MAT_ColorTrack.uasset" 108
"../../../Engine/Content/EditorMaterials/MatineeGroups/MAT_Groups_Anim.uasset" 109
"../../../Engine/Content/EditorMaterials/MatineeGroups/MAT_Groups_AudioMaster.uasset" 110
"../../../Engine/Content/EditorMaterials/MatineeGroups/MAT_Groups_Director.uasset" 111
"../../../Engine/Content/EditorMaterials/MatineeGroups/MAT_Groups_Event.uasset" 112
"../../../Engine/Content/EditorMaterials/MatineeGroups/MAT_Groups_Fade.uasset" 113
"../../../Engine/Content/EditorMaterials/MatineeGroups/MAT_Groups_Float.uasset" 114
"../../../Engine/Content/EditorMaterials/MatineeGroups/MAT_Groups_Move.uasset" 115
"../../../Engine/Content/EditorMaterials/MatineeGroups/MAT_Groups_Slomo.uasset" 116
"../../../Engine/Content/EditorMaterials/MatineeGroups/MAT_Groups_Sound.uasset" 117
"../../../Engine/Content/EditorMaterials/MatineeGroups/MAT_Groups_Vector.uasset" 118
"../../../Engine/Content/EditorMaterials/ParticleSystems/PSysThumbnail_NoImage.uasset" 119
"../../../Engine/Content/EditorMaterials/ParticleSystems/PSysThumbnail_OOD.uasset" 120
"../../../Engine/Content/EditorMaterials/Camera/CineMat.uasset" 121
"../../../Engine/Content/EditorMaterials/Camera/MI_CineMat_Rig.uasset" 122
"../../../Engine/Content/EditorMeshes/Camera/SM_CraneRig_Arm.uasset" 123
"../../../Engine/Content/EditorMeshes/Camera/SM_CraneRig_Base.uasset" 124
"../../../Engine/Content/EditorMeshes/Camera/SM_CraneRig_Body.uasset" 125
"../../../Engine/Content/EditorMeshes/Camera/SM_CraneRig_Mount.uasset" 126
"../../../Engine/Content/EditorMeshes/Camera/SM_RailRig_Mount.uasset" 127
"../../../Engine/Content/EditorMeshes/Camera/SM_RailRig_Track.uasset" 128
"../../../Engine/Content/EditorResources/BSPVertex.uasset" 129
"../../../Engine/Content/EditorResources/EmptyActor.uasset" 130
"../../../Engine/Content/EditorResources/S_Actor.uasset" 131
"../../../Engine/Content/EditorResources/S_Note.uasset" 132
"../../../Engine/Content/EditorResources/S_Solver.uasset" 133
"../../../Engine/Content/EditorResources/S_Trigger.uasset" 134
"../../../Engine/Content/EditorResources/AudioIcons/S_AudioComponent.uasset" 135
"../../../Engine/Content/EditorResources/AudioIcons/S_AudioComponent_AutoActivate.uasset" 136
"../../../Engine/Content/EditorResources/LightIcons/S_LightError.uasset" 137
"../../../Engine/Content/EditorResources/SequenceRecorder/Countdown.uasset" 138
"../../../Engine/Content/EditorResources/SequenceRecorder/RecordingIndicator.uasset" 139
"../../../Engine/Content/EditorSounds/Notifications/CompileFailed.uasset" 140
"../../../Engine/Content/EditorSounds/Notifications/CompileFailed_Cue.uasset" 141
"../../../Engine/Content/EditorSounds/Notifications/CompileSuccess.uasset" 142
"../../../Engine/Content/EditorSounds/Notifications/CompileStart_Cue.uasset" 143
"../../../Engine/Content/EditorSounds/Notifications/CompileSuccess_Cue.uasset" 144
"../../../Engine/Content/EngineDamageTypes/DmgTypeBP_Environmental.uasset" 145
"../../../Engine/Content/EngineDebugMaterials/DebugEditorMaterial.uasset" 146
"../../../Engine/Content/EngineDebugMaterials/DebugMeshMaterial.uasset" 147
"../../../Engine/Content/EngineDebugMaterials/M_SimpleUnlitTranslucent.uasset" 148
"../../../Engine/Content/Functions/Engine_MaterialFunctions02/Utility/CameraDirectionVector.uasset" 149
"../../../Engine/Content/EngineDebugMaterials/VolumeToRender.uasset" 150
"../../../Engine/Content/EngineDebugMaterials/M_VolumeRenderSphereTracePP.uasset" 151
"../../../Engine/Content/EngineDebugMaterials/WireframeMaterial.uasset" 152
"../../../Engine/Content/EngineFonts/Faces/DroidSansFallback.uasset" 153
"../../../Engine/Content/EngineFonts/Faces/RobotoBold.uasset" 154
"../../../Engine/Content/EngineFonts/Faces/RobotoBoldItalic.uasset" 155
"../../../Engine/Content/EngineFonts/Faces/RobotoItalic.uasset" 156
"../../../Engine/Content/EngineFonts/Faces/RobotoLight.uasset" 157
"../../../Engine/Content/EngineFonts/Faces/RobotoRegular.uasset" 158
"../../../Engine/Content/EngineFonts/Roboto.uasset" 159
"../../../Engine/Content/EngineMaterials/BaseFlattenDiffuseMap.uasset" 160
"../../../Engine/Content/EngineMaterials/BaseFlattenEmissiveMap.uasset" 161
"../../../Engine/Content/EngineMaterials/BaseFlattenGrayscaleMap.uasset" 162
"../../../Engine/Content/EngineMaterials/BaseFlattenNormalMap.uasset" 163
"../../../Engine/Content/EngineMaterials/BaseFlattenMaterial.uasset" 164
"../../../Engine/Content/EngineMaterials/BlueNoise.uasset" 165
"../../../Engine/Content/EngineMaterials/DefaultBloomKernel.uasset" 166
"../../../Engine/Content/EngineMaterials/DefaultBokeh.uasset" 167
"../../../Engine/Content/EngineMaterials/DefaultDiffuse.uasset" 168
"../../../Engine/Content/EngineMaterials/DefaultDeferredDecalMaterial.uasset" 169
"../../../Engine/Content/EngineMaterials/DefaultLightFunctionMaterial.uasset" 170
"../../../Engine/Content/Functions/Engine_MaterialFunctions02/Utility/BreakOutFloat2Components.uasset" 171
"../../../Engine/Content/EngineMaterials/DefaultPostProcessMaterial.uasset" 172
"../../../Engine/Content/EngineFonts/RobotoDistanceField.uasset" 173
"../../../Engine/Content/EngineMaterials/DefaultTextMaterialOpaque.uasset" 174
"../../../Engine/Content/EngineMaterials/DefaultWhiteGrid.uasset" 175
"../../../Engine/Content/EngineMaterials/DefaultWhiteGrid_Low.uasset" 176
"../../../Engine/Content/EngineMaterials/EmissiveMeshMaterial.uasset" 177
"../../../Engine/Content/EngineMaterials/GizmoMaterial.uasset" 178
"../../../Engine/Content/EngineMaterials/Good64x64TilingNoiseHighFreq.uasset" 179
"../../../Engine/Content/EngineMaterials/MiniFont.uasset" 180
"../../../Engine/Content/EngineMaterials/InvalidLightmapSettings.uasset" 181
"../../../Engine/Content/EngineMaterials/M_InvalidLightmapSettings.uasset" 182
"../../../Engine/Content/Functions/Engine_MaterialFunctions02/WorldPositionOffset/CameraOffset.uasset" 183
"../../../Engine/Content/EngineMaterials/PhAT_JointLimitMaterial.uasset" 184
"../../../Engine/Content/EngineMaterials/PreintegratedSkinBRDF.uasset" 185
"../../../Engine/Content/EngineMaterials/RemoveSurfaceMaterial.uasset" 186
"../../../Engine/Content/EngineMaterials/WeightMapPlaceholderTexture.uasset" 187
"../../../Engine/Content/EngineResources/WhiteSquareTexture.uasset" 188
"../../../Engine/Content/EngineMaterials/Widget3DPassThrough.uasset" 189
"../../../Engine/Content/EngineMaterials/Widget3DPassThrough_Masked.uasset" 190
"../../../Engine/Content/EngineMaterials/Widget3DPassThrough_Opaque.uasset" 191
"../../../Engine/Content/EngineMaterials/Widget3DPassThrough_Masked_OneSided.uasset" 192
"../../../Engine/Content/EngineMaterials/Widget3DPassThrough_Opaque_OneSided.uasset" 193
"../../../Engine/Content/EngineMaterials/Widget3DPassThrough_Translucent.uasset" 194
"../../../Engine/Content/EngineMaterials/Widget3DPassThrough_Translucent_OneSided.uasset" 195
"../../../Engine/Content/EngineMeshes/Cylinder.uasset" 196
"../../../Engine/Content/EngineMeshes/Sphere.uasset" 197
"../../../Engine/Content/EngineResources/Black.uasset" 198
"../../../Engine/Content/EngineResources/DefaultTexture.uasset" 199
"../../../Engine/Content/EngineResources/DefaultTextureCube.uasset" 200
"../../../Engine/Content/EngineResources/DefaultVolumeTexture2D.uasset" 201
"../../../Engine/Content/EngineResources/DefaultVolumeTexture.uasset" 202
"../../../Engine/Content/EngineResources/GradientTexture0.uasset" 203
"../../../Engine/Content/EngineSounds/Master.uasset" 204
"../../../Engine/Content/Functions/Engine_MaterialFunctions01/Shading/ConvertFromDiffSpec.uasset" 205
"../../../Engine/Content/Functions/Engine_MaterialFunctions01/Shading/PowerToRoughness.uasset" 206
"../../../Engine/Content/Maps/Templates/Thumbnails/Default.uasset" 207
"../../../Engine/Content/Maps/Templates/Thumbnails/TimeOfDay.uasset" 208
"../../../Engine/Content/Maps/Templates/Thumbnails/VR-Basic.uasset" 209
"../../../Engine/Content/MobileResources/T_MobileControls_texture.uasset" 210
"../../../Engine/Content/MobileResources/T_MobileMenu2.uasset" 211
"../../../Engine/Content/MobileResources/HUD/AnalogHat.uasset" 212
"../../../Engine/Content/MobileResources/HUD/VirtualJoystick_Background.uasset" 213
"../../../Engine/Content/MobileResources/HUD/VirtualJoystick_Thumb.uasset" 214
"../../../Engine/Content/MobileResources/HUD/DefaultVirtualJoysticks.uasset" 215
"../../../Engine/Content/MobileResources/HUD/LeftVirtualJoystickOnly.uasset" 216
"../../../Engine/Content/MobileResources/HUD/MobileHUDButton1_off.uasset" 217
"../../../Engine/Content/MobileResources/HUD/MobileHUDButton1_on.uasset" 218
"../../../Engine/Content/MobileResources/HUD/MobileHUDButton2_off.uasset" 219
"../../../Engine/Content/MobileResources/HUD/MobileHUDButton2_on.uasset" 220
"../../../Engine/Content/MobileResources/HUD/MobileHUDButton3.uasset" 221
"../../../Engine/Content/MobileResources/HUD/MobileHUDButtonFire.uasset" 222
"../../../Engine/Content/MobileResources/HUD/MobileHUDDirectionPad.uasset" 223
"../../../Engine/Content/MobileResources/HUD/MobileHUDDirectionPad2.uasset" 224
"../../../Engine/Content/MobileResources/HUD/MobileHUDDirectionPad3.uasset" 225
"../../../Engine/Content/MobileResources/HUD/MobileHUDDirectionStick.uasset" 226
"../../../Engine/Content/MobileResources/HUD/T_Castle_ThumbstickInner.uasset" 227
"../../../Engine/Content/MobileResources/HUD/T_Castle_ThumbstickOutter.uasset" 228
"../../../Engine/Content/Tutorial/ContentIntroCurve.uasset" 229
"../../../Engine/Content/Tutorial/Basics/LevelEditorAttract.uasset" 230
"../../../Engine/Content/VREditor/LaserPointer/VR_LaserPower_01.uasset" 231
"../../../Engine/Content/VREditor/TransformGizmo/TransformGizmoMaterial.uasset" 232
"../../../Engine/Content/VREditor/TransformGizmo/TranslucentTransformGizmoMaterial.uasset" 233
"../../../Engine/Content/VREditor/TransformGizmo/BoundingBoxCorner.uasset" 234
"../../../Engine/Content/VREditor/TransformGizmo/BoundingBoxEdge.uasset" 235
"../../../Engine/Content/VREditor/TransformGizmo/PlaneTranslationHandle.uasset" 236
"../../../Engine/Content/VREditor/TransformGizmo/Main.uasset" 237
"../../../Engine/Content/VREditor/TransformGizmo/Xray.uasset" 238
"../../../Engine/Content/VREditor/TransformGizmo/SM_Sequencer_Key.uasset" 239
"../../../Engine/Content/VREditor/TransformGizmo/SM_Sequencer_Node.uasset" 240
"../../Plugins/2D/Paper2D/Content/PlaceholderTextures/DummySpriteTexture.uasset" 241
"../../Plugins/2D/Paper2D/Content/DummySprite.uasset" 242
"../../Plugins/2D/Paper2D/Content/DefaultPaperTerrainMaterial.uasset" 243
"../../Plugins/2D/Paper2D/Content/DefaultSpriteMaterial.uasset" 244
"../../Plugins/2D/Paper2D/Content/MaskedUnlitSpriteMaterial.uasset" 245
"../../Plugins/2D/Paper2D/Content/OpaqueUnlitSpriteMaterial.uasset" 246
"../../Plugins/FX/Niagara/Content/Enums/ENiagaraBooleanLogicOps.uasset" 247
"../../Plugins/FX/Niagara/Content/Enums/ENiagaraCoordinateSpace.uasset" 248
"../../Plugins/FX/Niagara/Content/Enums/ENiagaraExpansionMode.uasset" 249
"../../Plugins/FX/Niagara/Content/Enums/ENiagaraOrientationAxis.uasset" 250
"../../Plugins/FX/Niagara/Content/Enums/ENiagaraRandomnessMode.uasset" 251
"../../../Engine/Content/Functions/Engine_MaterialFunctions02/Utility/BreakOutFloat4Components.uasset" 252
"../../../Engine/Content/Functions/Engine_MaterialFunctions02/Utility/MakeFloat2.uasset" 253
"../../../Engine/Content/Functions/Engine_MaterialFunctions02/Utility/MakeFloat3.uasset" 254
"../../Plugins/Runtime/Oculus/OculusVR/Content/Materials/OculusMR_ChromaKey.uasset" 255
"../../Plugins/Runtime/Oculus/OculusVR/Content/Materials/OculusMR_ChromaKey_Lit.uasset" 256
"../../Plugins/Runtime/Oculus/OculusVR/Content/Materials/OculusMR_OpaqueColoredMaterial.uasset" 257
"../../Plugins/Runtime/Oculus/OculusVR/Content/Materials/OculusMR_WhiteMaterial.uasset" 258
"../../../Engine/Content/EditorBlueprintResources/StandardMacros.uasset" 259
"C:/Users/44756/Documents/GitHub/Senior-CGD-21-25-2021-UFO/UnititledUfoGame/UnititledUfoGame/Content/FlyingBP/Blueprints/cow-1715829_1920.uasset" 260
"C:/Users/44756/Documents/GitHub/Senior-CGD-21-25-2021-UFO/UnititledUfoGame/UnititledUfoGame/Content/FlyingBP/Blueprints/CowBox.uasset" 261
"C:/Users/44756/Documents/GitHub/Senior-CGD-21-25-2021-UFO/UnititledUfoGame/UnititledUfoGame/Content/FlyingBP/Blueprints/CollectableTypes.uasset" 262
"C:/Users/44756/Documents/GitHub/Senior-CGD-21-25-2021-UFO/UnititledUfoGame/UnititledUfoGame/Content/Geometry/Meshes/1M_Cube.uasset" 263
"C:/Users/44756/Documents/GitHub/Senior-CGD-21-25-2021-UFO/UnititledUfoGame/UnititledUfoGame/Content/FlyingBP/Blueprints/TractorOBJ.uasset" 264
"C:/Users/44756/Documents/GitHub/Senior-CGD-21-25-2021-UFO/UnititledUfoGame/UnititledUfoGame/Content/Bungler.uasset" 265
"C:/Users/44756/Documents/GitHub/Senior-CGD-21-25-2021-UFO/UnititledUfoGame/UnititledUfoGame/Content/NewFont.uasset" 266
"C:/Users/44756/Documents/GitHub/Senior-CGD-21-25-2021-UFO/UnititledUfoGame/UnititledUfoGame/Content/UI/Controls2.uasset" 267
"C:/Users/44756/Documents/GitHub/Senior-CGD-21-25-2021-UFO/UnititledUfoGame/UnititledUfoGame/Content/UI/Cow.uasset" 268
"C:/Users/44756/Documents/GitHub/Senior-CGD-21-25-2021-UFO/UnititledUfoGame/UnititledUfoGame/Content/UI/PigWhite.uasset" 269
"C:/Users/44756/Documents/GitHub/Senior-CGD-21-25-2021-UFO/UnititledUfoGame/UnititledUfoGame/Content/UI/GameUI.uasset" 270
"C:/Users/44756/Documents/GitHub/Senior-CGD-21-25-2021-UFO/UnititledUfoGame/UnititledUfoGame/Content/FlyingBP/Blueprints/FlyingGameMode.uasset" 271
"C:/Users/44756/Documents/GitHub/Senior-CGD-21-25-2021-UFO/UnititledUfoGame/UnititledUfoGame/Content/FlyingBP/Blueprints/Red.uasset" 272
"C:/Users/44756/Documents/GitHub/Senior-CGD-21-25-2021-UFO/UnititledUfoGame/UnititledUfoGame/Content/Flying/Meshes/BaseMaterial.uasset" 273
"C:/Users/44756/Documents/GitHub/Senior-CGD-21-25-2021-UFO/UnititledUfoGame/UnititledUfoGame/Content/Flying/Meshes/UFOMaterial.uasset" 274
"C:/Users/44756/Documents/GitHub/Senior-CGD-21-25-2021-UFO/UnititledUfoGame/UnititledUfoGame/Content/Flying/Meshes/UFO.uasset" 275
"C:/Users/44756/Documents/GitHub/Senior-CGD-21-25-2021-UFO/UnititledUfoGame/UnititledUfoGame/Content/StarterContent/Textures/T_Dust_Particle_D.uasset" 276
"C:/Users/44756/Documents/GitHub/Senior-CGD-21-25-2021-UFO/UnititledUfoGame/UnititledUfoGame/Content/StarterContent/Particles/Materials/M_Dust_Particle.uasset" 277
"C:/Users/44756/Documents/GitHub/Senior-CGD-21-25-2021-UFO/UnititledUfoGame/UnititledUfoGame/Content/StarterContent/Particles/P_Ambient_Dust.uasset" 278
"C:/Users/44756/Documents/GitHub/Senior-CGD-21-25-2021-UFO/UnititledUfoGame/UnititledUfoGame/Content/FlyingBP/Blueprints/FlyingPawn.uasset" 279
"C:/Users/44756/Documents/GitHub/Senior-CGD-21-25-2021-UFO/UnititledUfoGame/UnititledUfoGame/Content/FlyingBP/Blueprints/Orange.uasset" 280
"C:/Users/44756/Documents/GitHub/Senior-CGD-21-25-2021-UFO/UnititledUfoGame/UnititledUfoGame/Content/Assets/FlatMats/GlowingMaster.uasset" 281
"C:/Users/44756/Documents/GitHub/Senior-CGD-21-25-2021-UFO/UnititledUfoGame/UnititledUfoGame/Content/Assets/FlatMats/GlowRed.uasset" 282
"C:/Users/44756/Documents/GitHub/Senior-CGD-21-25-2021-UFO/UnititledUfoGame/UnititledUfoGame/Content/Particles/Line256.uasset" 283
"C:/Users/44756/Documents/GitHub/Senior-CGD-21-25-2021-UFO/UnititledUfoGame/UnititledUfoGame/Content/Particles/LineMaterial.uasset" 284
"C:/Users/44756/Documents/GitHub/Senior-CGD-21-25-2021-UFO/UnititledUfoGame/UnititledUfoGame/Content/Particles/FlatLine256.uasset" 285
"C:/Users/44756/Documents/GitHub/Senior-CGD-21-25-2021-UFO/UnititledUfoGame/UnititledUfoGame/Content/Particles/FlatLineMat.uasset" 286
"C:/Users/44756/Documents/GitHub/Senior-CGD-21-25-2021-UFO/UnititledUfoGame/UnititledUfoGame/Content/Particles/ProjectileRibbon.uasset" 287
"C:/Users/44756/Documents/GitHub/Senior-CGD-21-25-2021-UFO/UnititledUfoGame/UnititledUfoGame/Content/StarterContent/Textures/T_Fire_SubUV.uasset" 288
"C:/Users/44756/Documents/GitHub/Senior-CGD-21-25-2021-UFO/UnititledUfoGame/UnititledUfoGame/Content/StarterContent/Textures/T_Fire_Tiled_D.uasset" 289
"C:/Users/44756/Documents/GitHub/Senior-CGD-21-25-2021-UFO/UnititledUfoGame/UnititledUfoGame/Content/StarterContent/Particles/Materials/M_Fire_SubUV.uasset" 290
"C:/Users/44756/Documents/GitHub/Senior-CGD-21-25-2021-UFO/UnititledUfoGame/UnititledUfoGame/Content/StarterContent/Textures/T_Water_N.uasset" 291
"C:/Users/44756/Documents/GitHub/Senior-CGD-21-25-2021-UFO/UnititledUfoGame/UnititledUfoGame/Content/StarterContent/Particles/Materials/M_Heat_Distortion.uasset" 292
"C:/Users/44756/Documents/GitHub/Senior-CGD-21-25-2021-UFO/UnititledUfoGame/UnititledUfoGame/Content/StarterContent/Particles/Materials/M_Radial_Gradient.uasset" 293
"C:/Users/44756/Documents/GitHub/Senior-CGD-21-25-2021-UFO/UnititledUfoGame/UnititledUfoGame/Content/StarterContent/Particles/P_Fire.uasset" 294
"C:/Users/44756/Documents/GitHub/Senior-CGD-21-25-2021-UFO/UnititledUfoGame/UnititledUfoGame/Content/StarterContent/Props/MaterialSphere.uasset" 295
"C:/Users/44756/Documents/GitHub/Senior-CGD-21-25-2021-UFO/UnititledUfoGame/UnititledUfoGame/Content/FlyingBP/Blueprints/Rocket.uasset" 296
"C:/Users/44756/Documents/GitHub/Senior-CGD-21-25-2021-UFO/UnititledUfoGame/UnititledUfoGame/Content/Assets/Mesh/Material__108.uasset" 297
"C:/Users/44756/Documents/GitHub/Senior-CGD-21-25-2021-UFO/UnititledUfoGame/UnititledUfoGame/Content/Assets/Mesh/Material__112.uasset" 298
"C:/Users/44756/Documents/GitHub/Senior-CGD-21-25-2021-UFO/UnititledUfoGame/UnititledUfoGame/Content/Assets/Mesh/AA2_AA2_Base.uasset" 299
"C:/Users/44756/Documents/GitHub/Senior-CGD-21-25-2021-UFO/UnititledUfoGame/UnititledUfoGame/Content/Assets/Mesh/Material__110.uasset" 300
"C:/Users/44756/Documents/GitHub/Senior-CGD-21-25-2021-UFO/UnititledUfoGame/UnititledUfoGame/Content/Assets/Mesh/Material__111.uasset" 301
"C:/Users/44756/Documents/GitHub/Senior-CGD-21-25-2021-UFO/UnititledUfoGame/UnititledUfoGame/Content/Assets/Mesh/AA2_AA2_Cannon.uasset" 302
"C:/Users/44756/Documents/GitHub/Senior-CGD-21-25-2021-UFO/UnititledUfoGame/UnititledUfoGame/Content/Assets/Mesh/Material__109.uasset" 303
"C:/Users/44756/Documents/GitHub/Senior-CGD-21-25-2021-UFO/UnititledUfoGame/UnititledUfoGame/Content/Assets/Mesh/AA2_AA2_RotaryPlatform.uasset" 304
"C:/Users/44756/Documents/GitHub/Senior-CGD-21-25-2021-UFO/UnititledUfoGame/UnititledUfoGame/Content/Assets/Mesh/AA2_AA2_Silo.uasset" 305
"C:/Users/44756/Documents/GitHub/Senior-CGD-21-25-2021-UFO/UnititledUfoGame/UnititledUfoGame/Content/FlyingBP/Blueprints/Turret.uasset" 306
"../../../Engine/Content/EngineSky/C_Sky_Cloud_Color.uasset" 307
"../../../Engine/Content/EngineSky/C_Sky_Horizon_Color.uasset" 308
"../../../Engine/Content/EngineSky/C_Sky_Zenith_Color.uasset" 309
"../../../Engine/Content/EngineSky/T_Sky_Blue.uasset" 310
"../../../Engine/Content/EngineSky/T_Sky_Clouds_M.uasset" 311
"../../../Engine/Content/EngineSky/T_Sky_Stars.uasset" 312
"../../../Engine/Content/EngineSky/M_Sky_Panning_Clouds2.uasset" 313
"../../../Engine/Content/EngineSky/SM_SkySphere.uasset" 314
"../../../Engine/Content/EngineSky/BP_Sky_Sphere.uasset" 315
"C:/Users/44756/Documents/GitHub/Senior-CGD-21-25-2021-UFO/UnititledUfoGame/UnititledUfoGame/Content/FlyingBP/Blueprints/CowCollectable.uasset" 316
"C:/Users/44756/Documents/GitHub/Senior-CGD-21-25-2021-UFO/UnititledUfoGame/UnititledUfoGame/Content/FlyingBP/Blueprints/smart_pig.uasset" 317
"C:/Users/44756/Documents/GitHub/Senior-CGD-21-25-2021-UFO/UnititledUfoGame/UnititledUfoGame/Content/FlyingBP/Blueprints/smart_pig_Mat.uasset" 318
"C:/Users/44756/Documents/GitHub/Senior-CGD-21-25-2021-UFO/UnititledUfoGame/UnititledUfoGame/Content/FlyingBP/Blueprints/PigCollectable.uasset" 319
"C:/Users/44756/Documents/GitHub/Senior-CGD-21-25-2021-UFO/UnititledUfoGame/UnititledUfoGame/Content/DesignerLevel_BuiltData.uasset" 320
"C:/Users/44756/Documents/GitHub/Senior-CGD-21-25-2021-UFO/UnititledUfoGame/UnititledUfoGame/Content/StarterContent/Textures/T_Ground_Grass_D.uasset" 321
"C:/Users/44756/Documents/GitHub/Senior-CGD-21-25-2021-UFO/UnititledUfoGame/UnititledUfoGame/Content/StarterContent/Textures/T_Ground_Grass_N.uasset" 322
"C:/Users/44756/Documents/GitHub/Senior-CGD-21-25-2021-UFO/UnititledUfoGame/UnititledUfoGame/Content/StarterContent/Textures/T_MacroVariation.uasset" 323
"C:/Users/44756/Documents/GitHub/Senior-CGD-21-25-2021-UFO/UnititledUfoGame/UnititledUfoGame/Content/StarterContent/Textures/T_Perlin_Noise_M.uasset" 324
"C:/Users/44756/Documents/GitHub/Senior-CGD-21-25-2021-UFO/UnititledUfoGame/UnititledUfoGame/Content/StarterContent/Materials/M_Ground_Grass.uasset" 325
"C:/Users/44756/Documents/GitHub/Senior-CGD-21-25-2021-UFO/UnititledUfoGame/UnititledUfoGame/Content/StarterContent/Textures/T_Water_M.uasset" 326
"C:/Users/44756/Documents/GitHub/Senior-CGD-21-25-2021-UFO/UnititledUfoGame/UnititledUfoGame/Content/StarterContent/Materials/M_Water_Ocean.uasset" 327
"C:/Users/44756/Documents/GitHub/Senior-CGD-21-25-2021-UFO/UnititledUfoGame/UnititledUfoGame/Content/Flying/Meshes/GrayMaterial.uasset" 328
"../../../Engine/Content/EngineMaterials/DefaultPhysicalMaterial.uasset" 329
"C:/Users/44756/Documents/GitHub/Senior-CGD-21-25-2021-UFO/UnititledUfoGame/UnititledUfoGame/Content/Geometry/Meshes/1M_Cube_Chamfer.uasset" 330
"C:/Users/44756/Documents/GitHub/Senior-CGD-21-25-2021-UFO/UnititledUfoGame/UnititledUfoGame/Content/DesignerLevel.umap" 331
"C:/Users/44756/Documents/GitHub/Senior-CGD-21-25-2021-UFO/UnititledUfoGame/UnititledUfoGame/Content/FlyingBP/Blueprints/TempProtoypeGameManager.uasset" 332
"C:/Users/44756/Documents/GitHub/Senior-CGD-21-25-2021-UFO/UnititledUfoGame/UnititledUfoGame/Content/FlyingBP/Maps/FlyingExampleMap_BuiltData.uasset" 333
"C:/Users/44756/Documents/GitHub/Senior-CGD-21-25-2021-UFO/UnititledUfoGame/UnititledUfoGame/Content/Geometry/Meshes/TemplateFloor.uasset" 334
"C:/Users/44756/Documents/GitHub/Senior-CGD-21-25-2021-UFO/UnititledUfoGame/UnititledUfoGame/Content/FlyingBP/Maps/FlyingExampleMap.umap" 335
"C:/Users/44756/Documents/GitHub/Senior-CGD-21-25-2021-UFO/UnititledUfoGame/UnititledUfoGame/Content/StarterContent/Blueprints/Assets/FogBrightnessLUT.uasset" 336
"C:/Users/44756/Documents/GitHub/Senior-CGD-21-25-2021-UFO/UnititledUfoGame/UnititledUfoGame/Content/StarterContent/Blueprints/Assets/SunlightColorLUT.uasset" 337
"C:/Users/44756/Documents/GitHub/Senior-CGD-21-25-2021-UFO/UnititledUfoGame/UnititledUfoGame/Content/StarterContent/Blueprints/Assets/M_LightStage_Arrows.uasset" 338
"../../../Engine/Content/MapTemplates/Sky/DaylightAmbientCubemap.uasset" 339
"C:/Users/44756/Documents/GitHub/Senior-CGD-21-25-2021-UFO/UnititledUfoGame/UnititledUfoGame/Content/StarterContent/Blueprints/Assets/M_LightStage_Skybox_Master.uasset" 340
"C:/Users/44756/Documents/GitHub/Senior-CGD-21-25-2021-UFO/UnititledUfoGame/UnititledUfoGame/Content/StarterContent/Blueprints/Assets/M_LightStage_Skybox_Black.uasset" 341
"C:/Users/44756/Documents/GitHub/Senior-CGD-21-25-2021-UFO/UnititledUfoGame/UnititledUfoGame/Content/StarterContent/Blueprints/Assets/M_LightStage_Skybox_HDRI.uasset" 342
"../../../Engine/Content/EditorMaterials/Thumbnails/SkySphereMaterial.uasset" 343
"C:/Users/44756/Documents/GitHub/Senior-CGD-21-25-2021-UFO/UnititledUfoGame/UnititledUfoGame/Content/StarterContent/Blueprints/Assets/Skybox.uasset" 344
"C:/Users/44756/Documents/GitHub/Senior-CGD-21-25-2021-UFO/UnititledUfoGame/UnititledUfoGame/Content/StarterContent/Blueprints/Assets/SM_Arrows.uasset" 345
"C:/Users/44756/Documents/GitHub/Senior-CGD-21-25-2021-UFO/UnititledUfoGame/UnititledUfoGame/Content/StarterContent/HDRI/HDRI_Epic_Courtyard_Daylight.uasset" 346
"C:/Users/44756/Documents/GitHub/Senior-CGD-21-25-2021-UFO/UnititledUfoGame/UnititledUfoGame/Content/StarterContent/Blueprints/BP_LightStudio.uasset" 347
"C:/Users/44756/Documents/GitHub/Senior-CGD-21-25-2021-UFO/UnititledUfoGame/UnititledUfoGame/Content/StarterContent/Maps/Advanced_Lighting_BuiltData.uasset" 348
"C:/Users/44756/Documents/GitHub/Senior-CGD-21-25-2021-UFO/UnititledUfoGame/UnititledUfoGame/Content/StarterContent/Materials/M_AssetPlatform.uasset" 349
"../../../Engine/Content/EditorMeshes/ColorCalibrator/M_ChromeBall.uasset" 350
"../../../Engine/Content/EditorMeshes/ColorCalibrator/M_ClearCoat.uasset" 351
"../../../Engine/Content/EditorMeshes/ColorCalibrator/M_ClearCoatBlack.uasset" 352
"../../../Engine/Content/EditorMeshes/ColorCalibrator/Color_checker.uasset" 353
"../../../Engine/Content/EditorMeshes/ColorCalibrator/M_ColorGrid.uasset" 354
"../../../Engine/Content/EditorMeshes/ColorCalibrator/M_GreyBall.uasset" 355
"../../../Engine/Content/EditorMeshes/ColorCalibrator/SM_ColorCalibrator.uasset" 356
"C:/Users/44756/Documents/GitHub/Senior-CGD-21-25-2021-UFO/UnititledUfoGame/UnititledUfoGame/Content/StarterContent/Architecture/SM_AssetPlatform.uasset" 357
"C:/Users/44756/Documents/GitHub/Senior-CGD-21-25-2021-UFO/UnititledUfoGame/UnititledUfoGame/Content/StarterContent/Maps/Advanced_Lighting.umap" 358
"C:/Users/44756/Documents/GitHub/Senior-CGD-21-25-2021-UFO/UnititledUfoGame/UnititledUfoGame/Content/StarterContent/Maps/Minimal_Default_BuiltData.uasset" 359
"C:/Users/44756/Documents/GitHub/Senior-CGD-21-25-2021-UFO/UnititledUfoGame/UnititledUfoGame/Content/StarterContent/Materials/M_Metal_Brushed_Nickel.uasset" 360
"C:/Users/44756/Documents/GitHub/Senior-CGD-21-25-2021-UFO/UnititledUfoGame/UnititledUfoGame/Content/StarterContent/Textures/T_Metal_Aluminum_D.uasset" 361
"C:/Users/44756/Documents/GitHub/Senior-CGD-21-25-2021-UFO/UnititledUfoGame/UnititledUfoGame/Content/StarterContent/Textures/T_Metal_Gold_N.uasset" 362
"C:/Users/44756/Documents/GitHub/Senior-CGD-21-25-2021-UFO/UnititledUfoGame/UnititledUfoGame/Content/StarterContent/Materials/M_Metal_Burnished_Steel.uasset" 363
"C:/Users/44756/Documents/GitHub/Senior-CGD-21-25-2021-UFO/UnititledUfoGame/UnititledUfoGame/Content/StarterContent/Textures/T_Metal_Copper_D.uasset" 364
"C:/Users/44756/Documents/GitHub/Senior-CGD-21-25-2021-UFO/UnititledUfoGame/UnititledUfoGame/Content/StarterContent/Materials/M_Metal_Copper.uasset" 365
"C:/Users/44756/Documents/GitHub/Senior-CGD-21-25-2021-UFO/UnititledUfoGame/UnititledUfoGame/Content/StarterContent/Textures/T_Statue_M.uasset" 366
"C:/Users/44756/Documents/GitHub/Senior-CGD-21-25-2021-UFO/UnititledUfoGame/UnititledUfoGame/Content/StarterContent/Textures/T_Statue_N.uasset" 367
"C:/Users/44756/Documents/GitHub/Senior-CGD-21-25-2021-UFO/UnititledUfoGame/UnititledUfoGame/Content/StarterContent/Props/Materials/M_StatueGlass.uasset" 368
"C:/Users/44756/Documents/GitHub/Senior-CGD-21-25-2021-UFO/UnititledUfoGame/UnititledUfoGame/Content/StarterContent/Architecture/Floor_400x400.uasset" 369
"C:/Users/44756/Documents/GitHub/Senior-CGD-21-25-2021-UFO/UnititledUfoGame/UnititledUfoGame/Content/StarterContent/Audio/Starter_Background_Cue.uasset" 370
"C:/Users/44756/Documents/GitHub/Senior-CGD-21-25-2021-UFO/UnititledUfoGame/UnititledUfoGame/Content/StarterContent/Props/SM_Chair.uasset" 371
"C:/Users/44756/Documents/GitHub/Senior-CGD-21-25-2021-UFO/UnititledUfoGame/UnititledUfoGame/Content/StarterContent/Props/Materials/M_Statue.uasset" 372
"C:/Users/44756/Documents/GitHub/Senior-CGD-21-25-2021-UFO/UnititledUfoGame/UnititledUfoGame/Content/StarterContent/Props/SM_Statue.uasset" 373
"C:/Users/44756/Documents/GitHub/Senior-CGD-21-25-2021-UFO/UnititledUfoGame/UnititledUfoGame/Content/StarterContent/Textures/T_TableRound_M.uasset" 374
"C:/Users/44756/Documents/GitHub/Senior-CGD-21-25-2021-UFO/UnititledUfoGame/UnititledUfoGame/Content/StarterContent/Textures/T_TableRound_N.uasset" 375
"C:/Users/44756/Documents/GitHub/Senior-CGD-21-25-2021-UFO/UnititledUfoGame/UnititledUfoGame/Content/StarterContent/Props/Materials/M_TableRound.uasset" 376
"C:/Users/44756/Documents/GitHub/Senior-CGD-21-25-2021-UFO/UnititledUfoGame/UnititledUfoGame/Content/StarterContent/Props/SM_TableRound.uasset" 377
"C:/Users/44756/Documents/GitHub/Senior-CGD-21-25-2021-UFO/UnititledUfoGame/UnititledUfoGame/Content/StarterContent/Maps/Minimal_Default.umap" 378
"C:/Users/44756/Documents/GitHub/Senior-CGD-21-25-2021-UFO/UnititledUfoGame/UnititledUfoGame/Content/StarterContent/Audio/Fire01_Cue.uasset" 379
"C:/Users/44756/Documents/GitHub/Senior-CGD-21-25-2021-UFO/UnititledUfoGame/UnititledUfoGame/Content/StarterContent/Blueprints/Blueprint_Effect_Fire.uasset" 380
"C:/Users/44756/Documents/GitHub/Senior-CGD-21-25-2021-UFO/UnititledUfoGame/UnititledUfoGame/Content/StarterContent/Audio/Smoke01_Cue.uasset" 381
"C:/Users/44756/Documents/GitHub/Senior-CGD-21-25-2021-UFO/UnititledUfoGame/UnititledUfoGame/Content/StarterContent/Particles/P_Smoke.uasset" 382
"C:/Users/44756/Documents/GitHub/Senior-CGD-21-25-2021-UFO/UnititledUfoGame/UnititledUfoGame/Content/StarterContent/Blueprints/Blueprint_Effect_Smoke.uasset" 383
"C:/Users/44756/Documents/GitHub/Senior-CGD-21-25-2021-UFO/UnititledUfoGame/UnititledUfoGame/Content/StarterContent/Audio/Fire_Sparks01_Cue.uasset" 384
"C:/Users/44756/Documents/GitHub/Senior-CGD-21-25-2021-UFO/UnititledUfoGame/UnititledUfoGame/Content/StarterContent/Textures/T_Spark_Core.uasset" 385
"C:/Users/44756/Documents/GitHub/Senior-CGD-21-25-2021-UFO/UnititledUfoGame/UnititledUfoGame/Content/StarterContent/Particles/Materials/M_Spark.uasset" 386
"C:/Users/44756/Documents/GitHub/Senior-CGD-21-25-2021-UFO/UnititledUfoGame/UnititledUfoGame/Content/StarterContent/Particles/P_Sparks.uasset" 387
"C:/Users/44756/Documents/GitHub/Senior-CGD-21-25-2021-UFO/UnititledUfoGame/UnititledUfoGame/Content/StarterContent/Blueprints/Blueprint_Effect_Sparks.uasset" 388
"C:/Users/44756/Documents/GitHub/Senior-CGD-21-25-2021-UFO/UnititledUfoGame/UnititledUfoGame/Content/StarterContent/Audio/Steam01_Cue.uasset" 389
"C:/Users/44756/Documents/GitHub/Senior-CGD-21-25-2021-UFO/UnititledUfoGame/UnititledUfoGame/Content/StarterContent/Particles/P_Steam_Lit.uasset" 390
"C:/Users/44756/Documents/GitHub/Senior-CGD-21-25-2021-UFO/UnititledUfoGame/UnititledUfoGame/Content/StarterContent/Blueprints/Blueprint_Effect_Steam.uasset" 391
"C:/Users/44756/Documents/GitHub/Senior-CGD-21-25-2021-UFO/UnititledUfoGame/UnititledUfoGame/Content/StarterContent/Textures/T_Lamp_M.uasset" 392
"C:/Users/44756/Documents/GitHub/Senior-CGD-21-25-2021-UFO/UnititledUfoGame/UnititledUfoGame/Content/StarterContent/Textures/T_Lamp_N.uasset" 393
"C:/Users/44756/Documents/GitHub/Senior-CGD-21-25-2021-UFO/UnititledUfoGame/UnititledUfoGame/Content/StarterContent/Props/Materials/M_Lamp.uasset" 394
"C:/Users/44756/Documents/GitHub/Senior-CGD-21-25-2021-UFO/UnititledUfoGame/UnititledUfoGame/Content/StarterContent/Props/SM_Lamp_Ceiling.uasset" 395
"C:/Users/44756/Documents/GitHub/Senior-CGD-21-25-2021-UFO/UnititledUfoGame/UnititledUfoGame/Content/StarterContent/Blueprints/Blueprint_CeilingLight.uasset" 396
"C:/Users/44756/Documents/GitHub/Senior-CGD-21-25-2021-UFO/UnititledUfoGame/UnititledUfoGame/Content/StarterContent/Props/SM_Lamp_Wall.uasset" 397
"C:/Users/44756/Documents/GitHub/Senior-CGD-21-25-2021-UFO/UnititledUfoGame/UnititledUfoGame/Content/StarterContent/Blueprints/Blueprint_WallSconce.uasset" 398
"C:/Users/44756/Documents/GitHub/Senior-CGD-21-25-2021-UFO/UnititledUfoGame/UnititledUfoGame/Content/StarterContent/Maps/StarterMap_BuiltData.uasset" 399
"../../../Engine/Content/Functions/Engine_MaterialFunctions03/Procedurals/ComputeFilterWidth.uasset" 400
"../../../Engine/Content/EngineMaterials/AntiAliasedTextMaterialTranslucent.uasset" 401
"C:/Users/44756/Documents/GitHub/Senior-CGD-21-25-2021-UFO/UnititledUfoGame/UnititledUfoGame/Content/StarterContent/Textures/T_Brick_Clay_Beveled_D.uasset" 402
"C:/Users/44756/Documents/GitHub/Senior-CGD-21-25-2021-UFO/UnititledUfoGame/UnititledUfoGame/Content/StarterContent/Textures/T_Brick_Clay_Beveled_M.uasset" 403
"C:/Users/44756/Documents/GitHub/Senior-CGD-21-25-2021-UFO/UnititledUfoGame/UnititledUfoGame/Content/StarterContent/Textures/T_Brick_Clay_Beveled_N.uasset" 404
"C:/Users/44756/Documents/GitHub/Senior-CGD-21-25-2021-UFO/UnititledUfoGame/UnititledUfoGame/Content/StarterContent/Materials/M_Brick_Clay_Beveled.uasset" 405
"C:/Users/44756/Documents/GitHub/Senior-CGD-21-25-2021-UFO/UnititledUfoGame/UnititledUfoGame/Content/StarterContent/Textures/T_Brick_Clay_New_D.uasset" 406
"C:/Users/44756/Documents/GitHub/Senior-CGD-21-25-2021-UFO/UnititledUfoGame/UnititledUfoGame/Content/StarterContent/Textures/T_Brick_Clay_New_M.uasset" 407
"C:/Users/44756/Documents/GitHub/Senior-CGD-21-25-2021-UFO/UnititledUfoGame/UnititledUfoGame/Content/StarterContent/Textures/T_Brick_Clay_New_N.uasset" 408
"C:/Users/44756/Documents/GitHub/Senior-CGD-21-25-2021-UFO/UnititledUfoGame/UnititledUfoGame/Content/StarterContent/Materials/M_Brick_Clay_New.uasset" 409
"C:/Users/44756/Documents/GitHub/Senior-CGD-21-25-2021-UFO/UnititledUfoGame/UnititledUfoGame/Content/StarterContent/Textures/T_Brick_Clay_Old_D.uasset" 410
"C:/Users/44756/Documents/GitHub/Senior-CGD-21-25-2021-UFO/UnititledUfoGame/UnititledUfoGame/Content/StarterContent/Textures/T_Brick_Clay_Old_N.uasset" 411
"C:/Users/44756/Documents/GitHub/Senior-CGD-21-25-2021-UFO/UnititledUfoGame/UnititledUfoGame/Content/StarterContent/Materials/M_Brick_Clay_Old.uasset" 412
"C:/Users/44756/Documents/GitHub/Senior-CGD-21-25-2021-UFO/UnititledUfoGame/UnititledUfoGame/Content/StarterContent/Textures/T_Brick_Cut_Stone_D.uasset" 413
"C:/Users/44756/Documents/GitHub/Senior-CGD-21-25-2021-UFO/UnititledUfoGame/UnititledUfoGame/Content/StarterContent/Textures/T_Brick_Cut_Stone_N.uasset" 414
"C:/Users/44756/Documents/GitHub/Senior-CGD-21-25-2021-UFO/UnititledUfoGame/UnititledUfoGame/Content/StarterContent/Materials/M_Brick_Cut_Stone.uasset" 415
"C:/Users/44756/Documents/GitHub/Senior-CGD-21-25-2021-UFO/UnititledUfoGame/UnititledUfoGame/Content/StarterContent/Textures/T_Brick_Hewn_Stone_D.uasset" 416
"C:/Users/44756/Documents/GitHub/Senior-CGD-21-25-2021-UFO/UnititledUfoGame/UnititledUfoGame/Content/StarterContent/Textures/T_Brick_Hewn_Stone_M.uasset" 417
"C:/Users/44756/Documents/GitHub/Senior-CGD-21-25-2021-UFO/UnititledUfoGame/UnititledUfoGame/Content/StarterContent/Textures/T_Brick_Hewn_Stone_N.uasset" 418
"C:/Users/44756/Documents/GitHub/Senior-CGD-21-25-2021-UFO/UnititledUfoGame/UnititledUfoGame/Content/StarterContent/Materials/M_Brick_Hewn_Stone.uasset" 419
"C:/Users/44756/Documents/GitHub/Senior-CGD-21-25-2021-UFO/UnititledUfoGame/UnititledUfoGame/Content/StarterContent/Textures/T_Ceramic_Tile_M.uasset" 420
"C:/Users/44756/Documents/GitHub/Senior-CGD-21-25-2021-UFO/UnititledUfoGame/UnititledUfoGame/Content/StarterContent/Textures/T_Ceramic_Tile_N.uasset" 421
"C:/Users/44756/Documents/GitHub/Senior-CGD-21-25-2021-UFO/UnititledUfoGame/UnititledUfoGame/Content/StarterContent/Textures/T_Rock_Marble_Polished_D.uasset" 422
"C:/Users/44756/Documents/GitHub/Senior-CGD-21-25-2021-UFO/UnititledUfoGame/UnititledUfoGame/Content/StarterContent/Materials/M_Ceramic_Tile_Checker.uasset" 423
"C:/Users/44756/Documents/GitHub/Senior-CGD-21-25-2021-UFO/UnititledUfoGame/UnititledUfoGame/Content/StarterContent/Textures/T_CobbleStone_Pebble_D.uasset" 424
"C:/Users/44756/Documents/GitHub/Senior-CGD-21-25-2021-UFO/UnititledUfoGame/UnititledUfoGame/Content/StarterContent/Textures/T_CobbleStone_Pebble_M.uasset" 425
"C:/Users/44756/Documents/GitHub/Senior-CGD-21-25-2021-UFO/UnititledUfoGame/UnititledUfoGame/Content/StarterContent/Textures/T_CobbleStone_Pebble_N.uasset" 426
"C:/Users/44756/Documents/GitHub/Senior-CGD-21-25-2021-UFO/UnititledUfoGame/UnititledUfoGame/Content/StarterContent/Materials/M_CobbleStone_Pebble.uasset" 427
"C:/Users/44756/Documents/GitHub/Senior-CGD-21-25-2021-UFO/UnititledUfoGame/UnititledUfoGame/Content/StarterContent/Textures/T_CobbleStone_Rough_D.uasset" 428
"C:/Users/44756/Documents/GitHub/Senior-CGD-21-25-2021-UFO/UnititledUfoGame/UnititledUfoGame/Content/StarterContent/Textures/T_CobbleStone_Rough_N.uasset" 429
"C:/Users/44756/Documents/GitHub/Senior-CGD-21-25-2021-UFO/UnititledUfoGame/UnititledUfoGame/Content/StarterContent/Textures/T_Gradinet_01.uasset" 430
"C:/Users/44756/Documents/GitHub/Senior-CGD-21-25-2021-UFO/UnititledUfoGame/UnititledUfoGame/Content/StarterContent/Textures/T_Rock_Smooth_Granite_D.uasset" 431
"C:/Users/44756/Documents/GitHub/Senior-CGD-21-25-2021-UFO/UnititledUfoGame/UnititledUfoGame/Content/StarterContent/Materials/M_CobbleStone_Rough.uasset" 432
"C:/Users/44756/Documents/GitHub/Senior-CGD-21-25-2021-UFO/UnititledUfoGame/UnititledUfoGame/Content/StarterContent/Textures/T_CobbleStone_Smooth_D.uasset" 433
"C:/Users/44756/Documents/GitHub/Senior-CGD-21-25-2021-UFO/UnititledUfoGame/UnititledUfoGame/Content/StarterContent/Textures/T_CobbleStone_Smooth_M.uasset" 434
"C:/Users/44756/Documents/GitHub/Senior-CGD-21-25-2021-UFO/UnititledUfoGame/UnititledUfoGame/Content/StarterContent/Textures/T_CobbleStone_Smooth_N.uasset" 435
"C:/Users/44756/Documents/GitHub/Senior-CGD-21-25-2021-UFO/UnititledUfoGame/UnititledUfoGame/Content/StarterContent/Materials/M_CobbleStone_Smooth.uasset" 436
"C:/Users/44756/Documents/GitHub/Senior-CGD-21-25-2021-UFO/UnititledUfoGame/UnititledUfoGame/Content/StarterContent/Textures/T_Concrete_Grime_D.uasset" 437
"C:/Users/44756/Documents/GitHub/Senior-CGD-21-25-2021-UFO/UnititledUfoGame/UnititledUfoGame/Content/StarterContent/Textures/T_Metal_Rust_N.uasset" 438
"C:/Users/44756/Documents/GitHub/Senior-CGD-21-25-2021-UFO/UnititledUfoGame/UnititledUfoGame/Content/StarterContent/Materials/M_Concrete_Grime.uasset" 439
"C:/Users/44756/Documents/GitHub/Senior-CGD-21-25-2021-UFO/UnititledUfoGame/UnititledUfoGame/Content/StarterContent/Textures/T_Concrete_Panels_D.uasset" 440
"C:/Users/44756/Documents/GitHub/Senior-CGD-21-25-2021-UFO/UnititledUfoGame/UnititledUfoGame/Content/StarterContent/Textures/T_Concrete_Panels_N.uasset" 441
"C:/Users/44756/Documents/GitHub/Senior-CGD-21-25-2021-UFO/UnititledUfoGame/UnititledUfoGame/Content/StarterContent/Materials/M_Concrete_Panels.uasset" 442
"C:/Users/44756/Documents/GitHub/Senior-CGD-21-25-2021-UFO/UnititledUfoGame/UnititledUfoGame/Content/StarterContent/Textures/T_Concrete_Poured_D.uasset" 443
"C:/Users/44756/Documents/GitHub/Senior-CGD-21-25-2021-UFO/UnititledUfoGame/UnititledUfoGame/Content/StarterContent/Textures/T_Concrete_Poured_N.uasset" 444
"C:/Users/44756/Documents/GitHub/Senior-CGD-21-25-2021-UFO/UnititledUfoGame/UnititledUfoGame/Content/StarterContent/Materials/M_Concrete_Poured.uasset" 445
"C:/Users/44756/Documents/GitHub/Senior-CGD-21-25-2021-UFO/UnititledUfoGame/UnititledUfoGame/Content/StarterContent/Textures/T_Concrete_Tiles_D.uasset" 446
"C:/Users/44756/Documents/GitHub/Senior-CGD-21-25-2021-UFO/UnititledUfoGame/UnititledUfoGame/Content/StarterContent/Textures/T_Concrete_Tiles_M.uasset" 447
"C:/Users/44756/Documents/GitHub/Senior-CGD-21-25-2021-UFO/UnititledUfoGame/UnititledUfoGame/Content/StarterContent/Textures/T_Concrete_Tiles_N.uasset" 448
"C:/Users/44756/Documents/GitHub/Senior-CGD-21-25-2021-UFO/UnititledUfoGame/UnititledUfoGame/Content/StarterContent/Textures/T_Concrete_Tiles_Variation_M.uasset" 449
"C:/Users/44756/Documents/GitHub/Senior-CGD-21-25-2021-UFO/UnititledUfoGame/UnititledUfoGame/Content/StarterContent/Materials/M_Concrete_Tiles.uasset" 450
"C:/Users/44756/Documents/GitHub/Senior-CGD-21-25-2021-UFO/UnititledUfoGame/UnititledUfoGame/Content/StarterContent/Textures/T_Ground_Gravel_D.uasset" 451
"C:/Users/44756/Documents/GitHub/Senior-CGD-21-25-2021-UFO/UnititledUfoGame/UnititledUfoGame/Content/StarterContent/Textures/T_Ground_Gravel_N.uasset" 452
"C:/Users/44756/Documents/GitHub/Senior-CGD-21-25-2021-UFO/UnititledUfoGame/UnititledUfoGame/Content/StarterContent/Materials/M_Ground_Gravel.uasset" 453
"C:/Users/44756/Documents/GitHub/Senior-CGD-21-25-2021-UFO/UnititledUfoGame/UnititledUfoGame/Content/StarterContent/Textures/T_ground_Moss_D.uasset" 454
"C:/Users/44756/Documents/GitHub/Senior-CGD-21-25-2021-UFO/UnititledUfoGame/UnititledUfoGame/Content/StarterContent/Textures/T_Ground_Moss_N.uasset" 455
"C:/Users/44756/Documents/GitHub/Senior-CGD-21-25-2021-UFO/UnititledUfoGame/UnititledUfoGame/Content/StarterContent/Materials/M_Ground_Moss.uasset" 456
"C:/Users/44756/Documents/GitHub/Senior-CGD-21-25-2021-UFO/UnititledUfoGame/UnititledUfoGame/Content/StarterContent/Materials/M_Metal_Chrome.uasset" 457
"C:/Users/44756/Documents/GitHub/Senior-CGD-21-25-2021-UFO/UnititledUfoGame/UnititledUfoGame/Content/StarterContent/Textures/T_Metal_Gold_D.uasset" 458
"C:/Users/44756/Documents/GitHub/Senior-CGD-21-25-2021-UFO/UnititledUfoGame/UnititledUfoGame/Content/StarterContent/Materials/M_Metal_Gold.uasset" 459
"C:/Users/44756/Documents/GitHub/Senior-CGD-21-25-2021-UFO/UnititledUfoGame/UnititledUfoGame/Content/StarterContent/Textures/T_Metal_Rust_D.uasset" 460
"C:/Users/44756/Documents/GitHub/Senior-CGD-21-25-2021-UFO/UnititledUfoGame/UnititledUfoGame/Content/StarterContent/Materials/M_Metal_Rust.uasset" 461
"C:/Users/44756/Documents/GitHub/Senior-CGD-21-25-2021-UFO/UnititledUfoGame/UnititledUfoGame/Content/StarterContent/Textures/T_Metal_Steel_D.uasset" 462
"C:/Users/44756/Documents/GitHub/Senior-CGD-21-25-2021-UFO/UnititledUfoGame/UnititledUfoGame/Content/StarterContent/Textures/T_Metal_Steel_N.uasset" 463
"C:/Users/44756/Documents/GitHub/Senior-CGD-21-25-2021-UFO/UnititledUfoGame/UnititledUfoGame/Content/StarterContent/Materials/M_Metal_Steel.uasset" 464
"C:/Users/44756/Documents/GitHub/Senior-CGD-21-25-2021-UFO/UnititledUfoGame/UnititledUfoGame/Content/StarterContent/Textures/T_Rock_Basalt_N.uasset" 465
"C:/Users/44756/Documents/GitHub/Senior-CGD-21-25-2021-UFO/UnititledUfoGame/UnititledUfoGame/Content/StarterContent/Materials/M_Rock_Basalt.uasset" 466
"C:/Users/44756/Documents/GitHub/Senior-CGD-21-25-2021-UFO/UnititledUfoGame/UnititledUfoGame/Content/StarterContent/Materials/M_Rock_Marble_Polished.uasset" 467
"C:/Users/44756/Documents/GitHub/Senior-CGD-21-25-2021-UFO/UnititledUfoGame/UnititledUfoGame/Content/StarterContent/Textures/T_Rock_Sandstone_D.uasset" 468
"C:/Users/44756/Documents/GitHub/Senior-CGD-21-25-2021-UFO/UnititledUfoGame/UnititledUfoGame/Content/StarterContent/Textures/T_Rock_Sandstone_N.uasset" 469
"C:/Users/44756/Documents/GitHub/Senior-CGD-21-25-2021-UFO/UnititledUfoGame/UnititledUfoGame/Content/StarterContent/Materials/M_Rock_Sandstone.uasset" 470
"C:/Users/44756/Documents/GitHub/Senior-CGD-21-25-2021-UFO/UnititledUfoGame/UnititledUfoGame/Content/StarterContent/Textures/T_Rock_Slate_D.uasset" 471
"C:/Users/44756/Documents/GitHub/Senior-CGD-21-25-2021-UFO/UnititledUfoGame/UnititledUfoGame/Content/StarterContent/Textures/T_Rock_Slate_N.uasset" 472
"C:/Users/44756/Documents/GitHub/Senior-CGD-21-25-2021-UFO/UnititledUfoGame/UnititledUfoGame/Content/StarterContent/Materials/M_Rock_Slate.uasset" 473
"C:/Users/44756/Documents/GitHub/Senior-CGD-21-25-2021-UFO/UnititledUfoGame/UnititledUfoGame/Content/StarterContent/Textures/T_Checker_Noise_M.uasset" 474
"C:/Users/44756/Documents/GitHub/Senior-CGD-21-25-2021-UFO/UnititledUfoGame/UnititledUfoGame/Content/StarterContent/Textures/T_Single_Tile_N.uasset" 475
"C:/Users/44756/Documents/GitHub/Senior-CGD-21-25-2021-UFO/UnititledUfoGame/UnititledUfoGame/Content/StarterContent/Textures/T_Tech_Dot_M.uasset" 476
"C:/Users/44756/Documents/GitHub/Senior-CGD-21-25-2021-UFO/UnititledUfoGame/UnititledUfoGame/Content/StarterContent/Textures/T_Tech_Dot_N.uasset" 477
"C:/Users/44756/Documents/GitHub/Senior-CGD-21-25-2021-UFO/UnititledUfoGame/UnititledUfoGame/Content/StarterContent/Materials/M_Tech_Checker_Dot.uasset" 478
"C:/Users/44756/Documents/GitHub/Senior-CGD-21-25-2021-UFO/UnititledUfoGame/UnititledUfoGame/Content/StarterContent/Textures/T_Tech_Hex_Tile_M.uasset" 479
"C:/Users/44756/Documents/GitHub/Senior-CGD-21-25-2021-UFO/UnititledUfoGame/UnititledUfoGame/Content/StarterContent/Textures/T_Tech_Hex_Tile_N.uasset" 480
"C:/Users/44756/Documents/GitHub/Senior-CGD-21-25-2021-UFO/UnititledUfoGame/UnititledUfoGame/Content/StarterContent/Materials/M_Tech_Hex_Tile.uasset" 481
"C:/Users/44756/Documents/GitHub/Senior-CGD-21-25-2021-UFO/UnititledUfoGame/UnititledUfoGame/Content/StarterContent/Materials/M_Tech_Hex_Tile_Pulse.uasset" 482
"C:/Users/44756/Documents/GitHub/Senior-CGD-21-25-2021-UFO/UnititledUfoGame/UnititledUfoGame/Content/StarterContent/Textures/T_Tech_Panel_M.uasset" 483
"C:/Users/44756/Documents/GitHub/Senior-CGD-21-25-2021-UFO/UnititledUfoGame/UnititledUfoGame/Content/StarterContent/Textures/T_Tech_Panel_N.uasset" 484
"C:/Users/44756/Documents/GitHub/Senior-CGD-21-25-2021-UFO/UnititledUfoGame/UnititledUfoGame/Content/StarterContent/Materials/M_Tech_Panel.uasset" 485
"C:/Users/44756/Documents/GitHub/Senior-CGD-21-25-2021-UFO/UnititledUfoGame/UnititledUfoGame/Content/StarterContent/Materials/M_Water_Lake.uasset" 486
"C:/Users/44756/Documents/GitHub/Senior-CGD-21-25-2021-UFO/UnititledUfoGame/UnititledUfoGame/Content/StarterContent/Textures/T_Wood_Floor_Walnut_D.uasset" 487
"C:/Users/44756/Documents/GitHub/Senior-CGD-21-25-2021-UFO/UnititledUfoGame/UnititledUfoGame/Content/StarterContent/Textures/T_Wood_Floor_Walnut_M.uasset" 488
"C:/Users/44756/Documents/GitHub/Senior-CGD-21-25-2021-UFO/UnititledUfoGame/UnititledUfoGame/Content/StarterContent/Textures/T_Wood_Floor_Walnut_N.uasset" 489
"C:/Users/44756/Documents/GitHub/Senior-CGD-21-25-2021-UFO/UnititledUfoGame/UnititledUfoGame/Content/StarterContent/Materials/M_Wood_Floor_Walnut_Polished.uasset" 490
"../../../Engine/Content/Functions/Engine_MaterialFunctions01/Opacity/AlphaOffset.uasset" 491
"C:/Users/44756/Documents/GitHub/Senior-CGD-21-25-2021-UFO/UnititledUfoGame/UnititledUfoGame/Content/StarterContent/Materials/M_Wood_Floor_Walnut_Worn.uasset" 492
"C:/Users/44756/Documents/GitHub/Senior-CGD-21-25-2021-UFO/UnititledUfoGame/UnititledUfoGame/Content/StarterContent/Textures/T_Wood_Oak_D.uasset" 493
"C:/Users/44756/Documents/GitHub/Senior-CGD-21-25-2021-UFO/UnititledUfoGame/UnititledUfoGame/Content/StarterContent/Textures/T_Wood_Oak_N.uasset" 494
"C:/Users/44756/Documents/GitHub/Senior-CGD-21-25-2021-UFO/UnititledUfoGame/UnititledUfoGame/Content/StarterContent/Materials/M_Wood_Oak.uasset" 495
"C:/Users/44756/Documents/GitHub/Senior-CGD-21-25-2021-UFO/UnititledUfoGame/UnititledUfoGame/Content/StarterContent/Textures/T_Wood_Pine_D.uasset" 496
"C:/Users/44756/Documents/GitHub/Senior-CGD-21-25-2021-UFO/UnititledUfoGame/UnititledUfoGame/Content/StarterContent/Textures/T_Wood_Pine_N.uasset" 497
"C:/Users/44756/Documents/GitHub/Senior-CGD-21-25-2021-UFO/UnititledUfoGame/UnititledUfoGame/Content/StarterContent/Materials/M_Wood_Pine.uasset" 498
"C:/Users/44756/Documents/GitHub/Senior-CGD-21-25-2021-UFO/UnititledUfoGame/UnititledUfoGame/Content/StarterContent/Textures/T_Wood_Walnut_D.uasset" 499
"C:/Users/44756/Documents/GitHub/Senior-CGD-21-25-2021-UFO/UnititledUfoGame/UnititledUfoGame/Content/StarterContent/Textures/T_Wood_Walnut_N.uasset" 500
"C:/Users/44756/Documents/GitHub/Senior-CGD-21-25-2021-UFO/UnititledUfoGame/UnititledUfoGame/Content/StarterContent/Materials/M_Wood_Walnut.uasset" 501
"C:/Users/44756/Documents/GitHub/Senior-CGD-21-25-2021-UFO/UnititledUfoGame/UnititledUfoGame/Content/StarterContent/Architecture/Wall_400x200.uasset" 502
"C:/Users/44756/Documents/GitHub/Senior-CGD-21-25-2021-UFO/UnititledUfoGame/UnititledUfoGame/Content/StarterContent/Architecture/Wall_Door_400x300.uasset" 503
"C:/Users/44756/Documents/GitHub/Senior-CGD-21-25-2021-UFO/UnititledUfoGame/UnititledUfoGame/Content/StarterContent/Architecture/Wall_Window_400x300.uasset" 504
"C:/Users/44756/Documents/GitHub/Senior-CGD-21-25-2021-UFO/UnititledUfoGame/UnititledUfoGame/Content/StarterContent/Audio/Collapse_Cue.uasset" 505
"C:/Users/44756/Documents/GitHub/Senior-CGD-21-25-2021-UFO/UnititledUfoGame/UnititledUfoGame/Content/StarterContent/Audio/Starter_Music_Cue.uasset" 506
"C:/Users/44756/Documents/GitHub/Senior-CGD-21-25-2021-UFO/UnititledUfoGame/UnititledUfoGame/Content/StarterContent/Textures/T_Frame_M.uasset" 507
"C:/Users/44756/Documents/GitHub/Senior-CGD-21-25-2021-UFO/UnititledUfoGame/UnititledUfoGame/Content/StarterContent/Textures/T_Frame_N.uasset" 508
"C:/Users/44756/Documents/GitHub/Senior-CGD-21-25-2021-UFO/UnititledUfoGame/UnititledUfoGame/Content/StarterContent/Props/Materials/M_Frame.uasset" 509
"C:/Users/44756/Documents/GitHub/Senior-CGD-21-25-2021-UFO/UnititledUfoGame/UnititledUfoGame/Content/StarterContent/Props/SM_CornerFrame.uasset" 510
"C:/Users/44756/Documents/GitHub/Senior-CGD-21-25-2021-UFO/UnititledUfoGame/UnititledUfoGame/Content/StarterContent/Props/SM_DoorFrame.uasset" 511
"C:/Users/44756/Documents/GitHub/Senior-CGD-21-25-2021-UFO/UnititledUfoGame/UnititledUfoGame/Content/StarterContent/Props/SM_GlassWindow.uasset" 512
"C:/Users/44756/Documents/GitHub/Senior-CGD-21-25-2021-UFO/UnititledUfoGame/UnititledUfoGame/Content/StarterContent/Props/SM_PillarFrame.uasset" 513
"C:/Users/44756/Documents/GitHub/Senior-CGD-21-25-2021-UFO/UnititledUfoGame/UnititledUfoGame/Content/StarterContent/Props/SM_PillarFrame300.uasset" 514
"C:/Users/44756/Documents/GitHub/Senior-CGD-21-25-2021-UFO/UnititledUfoGame/UnititledUfoGame/Content/StarterContent/Props/SM_WindowFrame.uasset" 515
"C:/Users/44756/Documents/GitHub/Senior-CGD-21-25-2021-UFO/UnititledUfoGame/UnititledUfoGame/Content/StarterContent/Shapes/Shape_Cube.uasset" 516
"C:/Users/44756/Documents/GitHub/Senior-CGD-21-25-2021-UFO/UnititledUfoGame/UnititledUfoGame/Content/StarterContent/Shapes/Shape_QuadPyramid.uasset" 517
"C:/Users/44756/Documents/GitHub/Senior-CGD-21-25-2021-UFO/UnititledUfoGame/UnititledUfoGame/Content/StarterContent/Shapes/Shape_Sphere.uasset" 518
"C:/Users/44756/Documents/GitHub/Senior-CGD-21-25-2021-UFO/UnititledUfoGame/UnititledUfoGame/Content/StarterContent/Maps/StarterMap.umap" 519
"../../../Engine/Content/Maps/Entry_BuiltData.uasset" 520
"../../../Engine/Content/Maps/Entry.umap" 521
